The system is: Linux - 3.10.0-1160.76.1.el7.x86_64 - x86_64
Compiling the C compiler identification source file "CMakeCCompilerId.c" succeeded.
Compiler: /usr/bin/cc 
Build flags: 
Id flags:  

The output was:
0


Compilation of the C compiler identification source "CMakeCCompilerId.c" produced "a.out"

The C compiler identification is GNU, found in "/users/yzhen105/Edge_Based_Reconstruction/build/CMakeFiles/3.15.4/CompilerIdC/a.out"

Compiling the CXX compiler identification source file "CMakeCXXCompilerId.cpp" succeeded.
Compiler: /usr/bin/c++ 
Build flags: 
Id flags:  

The output was:
0


Compilation of the CXX compiler identification source "CMakeCXXCompilerId.cpp" produced "a.out"

The CXX compiler identification is GNU, found in "/users/yzhen105/Edge_Based_Reconstruction/build/CMakeFiles/3.15.4/CompilerIdCXX/a.out"

Determining if the C compiler works passed with the following output:
Change Dir: /users/yzhen105/Edge_Based_Reconstruction/build/CMakeFiles/CMakeTmp

Run Build Command(s):/usr/bin/gmake cmTC_1878a/fast && /usr/bin/gmake -f CMakeFiles/cmTC_1878a.dir/build.make CMakeFiles/cmTC_1878a.dir/build
gmake[1]: Entering directory `/oscar/home/yzhen105/Edge_Based_Reconstruction/build/CMakeFiles/CMakeTmp'
Building C object CMakeFiles/cmTC_1878a.dir/testCCompiler.c.o
/usr/bin/cc    -o CMakeFiles/cmTC_1878a.dir/testCCompiler.c.o   -c /users/yzhen105/Edge_Based_Reconstruction/build/CMakeFiles/CMakeTmp/testCCompiler.c
Linking C executable cmTC_1878a
/oscar/rt/7.2/opt/cmake/3.15.4/bin/cmake -E cmake_link_script CMakeFiles/cmTC_1878a.dir/link.txt --verbose=1
/usr/bin/cc      CMakeFiles/cmTC_1878a.dir/testCCompiler.c.o  -o cmTC_1878a 
gmake[1]: Leaving directory `/oscar/home/yzhen105/Edge_Based_Reconstruction/build/CMakeFiles/CMakeTmp'



Detecting C compiler ABI info compiled with the following output:
Change Dir: /users/yzhen105/Edge_Based_Reconstruction/build/CMakeFiles/CMakeTmp

Run Build Command(s):/usr/bin/gmake cmTC_abc3e/fast && /usr/bin/gmake -f CMakeFiles/cmTC_abc3e.dir/build.make CMakeFiles/cmTC_abc3e.dir/build
gmake[1]: Entering directory `/oscar/home/yzhen105/Edge_Based_Reconstruction/build/CMakeFiles/CMakeTmp'
Building C object CMakeFiles/cmTC_abc3e.dir/CMakeCCompilerABI.c.o
/usr/bin/cc   -v -o CMakeFiles/cmTC_abc3e.dir/CMakeCCompilerABI.c.o   -c /oscar/rt/7.2/opt/cmake/3.15.4/share/cmake-3.15/Modules/CMakeCCompilerABI.c
Using built-in specs.
COLLECT_GCC=/usr/bin/cc
Target: x86_64-redhat-linux
Configured with: ../configure --prefix=/usr --mandir=/usr/share/man --infodir=/usr/share/info --with-bugurl=http://bugzilla.redhat.com/bugzilla --enable-bootstrap --enable-shared --enable-threads=posix --enable-checking=release --with-system-zlib --enable-__cxa_atexit --disable-libunwind-exceptions --enable-gnu-unique-object --enable-linker-build-id --with-linker-hash-style=gnu --enable-languages=c,c++,objc,obj-c++,java,fortran,ada,go,lto --enable-plugin --enable-initfini-array --disable-libgcj --with-isl=/builddir/build/BUILD/gcc-4.8.5-20150702/obj-x86_64-redhat-linux/isl-install --with-cloog=/builddir/build/BUILD/gcc-4.8.5-20150702/obj-x86_64-redhat-linux/cloog-install --enable-gnu-indirect-function --with-tune=generic --with-arch_32=x86-64 --build=x86_64-redhat-linux
Thread model: posix
gcc version 4.8.5 20150623 (Red Hat 4.8.5-44) (GCC) 
COLLECT_GCC_OPTIONS='-v' '-o' 'CMakeFiles/cmTC_abc3e.dir/CMakeCCompilerABI.c.o' '-c' '-mtune=generic' '-march=x86-64'
 /usr/libexec/gcc/x86_64-redhat-linux/4.8.5/cc1 -quiet -v /oscar/rt/7.2/opt/cmake/3.15.4/share/cmake-3.15/Modules/CMakeCCompilerABI.c -quiet -dumpbase CMakeCCompilerABI.c -mtune=generic -march=x86-64 -auxbase-strip CMakeFiles/cmTC_abc3e.dir/CMakeCCompilerABI.c.o -version -o /tmp/ccc4xbcz.s
GNU C (GCC) version 4.8.5 20150623 (Red Hat 4.8.5-44) (x86_64-redhat-linux)
	compiled by GNU C version 4.8.5 20150623 (Red Hat 4.8.5-44), GMP version 6.0.0, MPFR version 3.1.1, MPC version 1.0.1
GGC heuristics: --param ggc-min-expand=100 --param ggc-min-heapsize=131072
ignoring nonexistent directory "/usr/lib/gcc/x86_64-redhat-linux/4.8.5/include-fixed"
ignoring nonexistent directory "/usr/lib/gcc/x86_64-redhat-linux/4.8.5/../../../../x86_64-redhat-linux/include"
ignoring duplicate directory "/gpfs/runtime/opt/gcc/10.2/include"
  as it is a non-system directory that duplicates a system directory
#include "..." search starts here:
#include <...> search starts here:
 /gpfs/runtime/opt/eigen/3.3.2/include
 /gpfs/runtime/opt/eigen/3.3.2/include/eigen3/Eigen
 /gpfs/runtime/opt/eigen/3.3.2/include/eigen3/
 /gpfs/runtime/opt/boost/1.69/include
 /gpfs/runtime/opt/intel/2017.0/mkl/include
 /gpfs/runtime/opt/python/2.7.12/include
 /gpfs/runtime/opt/gcc/10.2/include
 /usr/lib/gcc/x86_64-redhat-linux/4.8.5/include
 /usr/local/include
 /usr/include
End of search list.
GNU C (GCC) version 4.8.5 20150623 (Red Hat 4.8.5-44) (x86_64-redhat-linux)
	compiled by GNU C version 4.8.5 20150623 (Red Hat 4.8.5-44), GMP version 6.0.0, MPFR version 3.1.1, MPC version 1.0.1
GGC heuristics: --param ggc-min-expand=100 --param ggc-min-heapsize=131072
Compiler executable checksum: f578243089434e25c47d91ee1154d9e2
COLLECT_GCC_OPTIONS='-v' '-o' 'CMakeFiles/cmTC_abc3e.dir/CMakeCCompilerABI.c.o' '-c' '-mtune=generic' '-march=x86-64'
 as -v --64 -o CMakeFiles/cmTC_abc3e.dir/CMakeCCompilerABI.c.o /tmp/ccc4xbcz.s
GNU assembler version 2.27 (x86_64-redhat-linux) using BFD version version 2.27-44.base.el7_9.1
COMPILER_PATH=/usr/libexec/gcc/x86_64-redhat-linux/4.8.5/:/usr/libexec/gcc/x86_64-redhat-linux/4.8.5/:/usr/libexec/gcc/x86_64-redhat-linux/:/usr/lib/gcc/x86_64-redhat-linux/4.8.5/:/usr/lib/gcc/x86_64-redhat-linux/
LIBRARY_PATH=/usr/lib/gcc/x86_64-redhat-linux/4.8.5/:/usr/lib/gcc/x86_64-redhat-linux/4.8.5/../../../../lib64/:/lib/../lib64/:/usr/lib/../lib64/:/gpfs/runtime/opt/boost/1.69/lib/:/gpfs/runtime/opt/intel/2017.0/lib/intel64/:/gpfs/runtime/opt/intel/2017.0/mkl/lib/intel64/:/gpfs/runtime/opt/python/2.7.12/lib/:/usr/lib/gcc/x86_64-redhat-linux/4.8.5/../../../:/lib/:/usr/lib/
COLLECT_GCC_OPTIONS='-v' '-o' 'CMakeFiles/cmTC_abc3e.dir/CMakeCCompilerABI.c.o' '-c' '-mtune=generic' '-march=x86-64'
Linking C executable cmTC_abc3e
/oscar/rt/7.2/opt/cmake/3.15.4/bin/cmake -E cmake_link_script CMakeFiles/cmTC_abc3e.dir/link.txt --verbose=1
/usr/bin/cc     -v CMakeFiles/cmTC_abc3e.dir/CMakeCCompilerABI.c.o  -o cmTC_abc3e 
Using built-in specs.
COLLECT_GCC=/usr/bin/cc
COLLECT_LTO_WRAPPER=/usr/libexec/gcc/x86_64-redhat-linux/4.8.5/lto-wrapper
Target: x86_64-redhat-linux
Configured with: ../configure --prefix=/usr --mandir=/usr/share/man --infodir=/usr/share/info --with-bugurl=http://bugzilla.redhat.com/bugzilla --enable-bootstrap --enable-shared --enable-threads=posix --enable-checking=release --with-system-zlib --enable-__cxa_atexit --disable-libunwind-exceptions --enable-gnu-unique-object --enable-linker-build-id --with-linker-hash-style=gnu --enable-languages=c,c++,objc,obj-c++,java,fortran,ada,go,lto --enable-plugin --enable-initfini-array --disable-libgcj --with-isl=/builddir/build/BUILD/gcc-4.8.5-20150702/obj-x86_64-redhat-linux/isl-install --with-cloog=/builddir/build/BUILD/gcc-4.8.5-20150702/obj-x86_64-redhat-linux/cloog-install --enable-gnu-indirect-function --with-tune=generic --with-arch_32=x86-64 --build=x86_64-redhat-linux
Thread model: posix
gcc version 4.8.5 20150623 (Red Hat 4.8.5-44) (GCC) 
COMPILER_PATH=/usr/libexec/gcc/x86_64-redhat-linux/4.8.5/:/usr/libexec/gcc/x86_64-redhat-linux/4.8.5/:/usr/libexec/gcc/x86_64-redhat-linux/:/usr/lib/gcc/x86_64-redhat-linux/4.8.5/:/usr/lib/gcc/x86_64-redhat-linux/
LIBRARY_PATH=/usr/lib/gcc/x86_64-redhat-linux/4.8.5/:/usr/lib/gcc/x86_64-redhat-linux/4.8.5/../../../../lib64/:/lib/../lib64/:/usr/lib/../lib64/:/gpfs/runtime/opt/boost/1.69/lib/:/gpfs/runtime/opt/intel/2017.0/lib/intel64/:/gpfs/runtime/opt/intel/2017.0/mkl/lib/intel64/:/gpfs/runtime/opt/python/2.7.12/lib/:/usr/lib/gcc/x86_64-redhat-linux/4.8.5/../../../:/lib/:/usr/lib/
COLLECT_GCC_OPTIONS='-v' '-o' 'cmTC_abc3e' '-mtune=generic' '-march=x86-64'
 /usr/libexec/gcc/x86_64-redhat-linux/4.8.5/collect2 --build-id --no-add-needed --eh-frame-hdr --hash-style=gnu -m elf_x86_64 -dynamic-linker /lib64/ld-linux-x86-64.so.2 -o cmTC_abc3e /usr/lib/gcc/x86_64-redhat-linux/4.8.5/../../../../lib64/crt1.o /usr/lib/gcc/x86_64-redhat-linux/4.8.5/../../../../lib64/crti.o /usr/lib/gcc/x86_64-redhat-linux/4.8.5/crtbegin.o -L/usr/lib/gcc/x86_64-redhat-linux/4.8.5 -L/usr/lib/gcc/x86_64-redhat-linux/4.8.5/../../../../lib64 -L/lib/../lib64 -L/usr/lib/../lib64 -L/gpfs/runtime/opt/boost/1.69/lib -L/gpfs/runtime/opt/intel/2017.0/lib/intel64 -L/gpfs/runtime/opt/intel/2017.0/mkl/lib/intel64 -L/gpfs/runtime/opt/python/2.7.12/lib -L/usr/lib/gcc/x86_64-redhat-linux/4.8.5/../../.. CMakeFiles/cmTC_abc3e.dir/CMakeCCompilerABI.c.o -lgcc --as-needed -lgcc_s --no-as-needed -lc -lgcc --as-needed -lgcc_s --no-as-needed /usr/lib/gcc/x86_64-redhat-linux/4.8.5/crtend.o /usr/lib/gcc/x86_64-redhat-linux/4.8.5/../../../../lib64/crtn.o
gmake[1]: Leaving directory `/oscar/home/yzhen105/Edge_Based_Reconstruction/build/CMakeFiles/CMakeTmp'



Parsed C implicit include dir info from above output: rv=done
  found start of include info
  found start of implicit include info
    add: [/gpfs/runtime/opt/eigen/3.3.2/include]
    add: [/gpfs/runtime/opt/eigen/3.3.2/include/eigen3/Eigen]
    add: [/gpfs/runtime/opt/eigen/3.3.2/include/eigen3/]
    add: [/gpfs/runtime/opt/boost/1.69/include]
    add: [/gpfs/runtime/opt/intel/2017.0/mkl/include]
    add: [/gpfs/runtime/opt/python/2.7.12/include]
    add: [/gpfs/runtime/opt/gcc/10.2/include]
    add: [/usr/lib/gcc/x86_64-redhat-linux/4.8.5/include]
    add: [/usr/local/include]
    add: [/usr/include]
  end of search list found
  collapse include dir [/gpfs/runtime/opt/eigen/3.3.2/include] ==> [/gpfs/runtime/opt/eigen/3.3.2/include]
  collapse include dir [/gpfs/runtime/opt/eigen/3.3.2/include/eigen3/Eigen] ==> [/gpfs/runtime/opt/eigen/3.3.2/include/eigen3/Eigen]
  collapse include dir [/gpfs/runtime/opt/eigen/3.3.2/include/eigen3/] ==> [/gpfs/runtime/opt/eigen/3.3.2/include/eigen3]
  collapse include dir [/gpfs/runtime/opt/boost/1.69/include] ==> [/gpfs/runtime/opt/boost/1.69/include]
  collapse include dir [/gpfs/runtime/opt/intel/2017.0/mkl/include] ==> [/gpfs/runtime/opt/intel/2017.0/mkl/include]
  collapse include dir [/gpfs/runtime/opt/python/2.7.12/include] ==> [/gpfs/runtime/opt/python/2.7.12/include]
  collapse include dir [/gpfs/runtime/opt/gcc/10.2/include] ==> [/gpfs/runtime/opt/gcc/10.2/include]
  collapse include dir [/usr/lib/gcc/x86_64-redhat-linux/4.8.5/include] ==> [/usr/lib/gcc/x86_64-redhat-linux/4.8.5/include]
  collapse include dir [/usr/local/include] ==> [/usr/local/include]
  collapse include dir [/usr/include] ==> [/usr/include]
  implicit include dirs: [/gpfs/runtime/opt/eigen/3.3.2/include;/gpfs/runtime/opt/eigen/3.3.2/include/eigen3/Eigen;/gpfs/runtime/opt/eigen/3.3.2/include/eigen3;/gpfs/runtime/opt/boost/1.69/include;/gpfs/runtime/opt/intel/2017.0/mkl/include;/gpfs/runtime/opt/python/2.7.12/include;/gpfs/runtime/opt/gcc/10.2/include;/usr/lib/gcc/x86_64-redhat-linux/4.8.5/include;/usr/local/include;/usr/include]


Parsed C implicit link information from above output:
  link line regex: [^( *|.*[/\])(ld|CMAKE_LINK_STARTFILE-NOTFOUND|([^/\]+-)?ld|collect2)[^/\]*( |$)]
  ignore line: [Change Dir: /users/yzhen105/Edge_Based_Reconstruction/build/CMakeFiles/CMakeTmp]
  ignore line: []
  ignore line: [Run Build Command(s):/usr/bin/gmake cmTC_abc3e/fast && /usr/bin/gmake -f CMakeFiles/cmTC_abc3e.dir/build.make CMakeFiles/cmTC_abc3e.dir/build]
  ignore line: [gmake[1]: Entering directory `/oscar/home/yzhen105/Edge_Based_Reconstruction/build/CMakeFiles/CMakeTmp']
  ignore line: [Building C object CMakeFiles/cmTC_abc3e.dir/CMakeCCompilerABI.c.o]
  ignore line: [/usr/bin/cc   -v -o CMakeFiles/cmTC_abc3e.dir/CMakeCCompilerABI.c.o   -c /oscar/rt/7.2/opt/cmake/3.15.4/share/cmake-3.15/Modules/CMakeCCompilerABI.c]
  ignore line: [Using built-in specs.]
  ignore line: [COLLECT_GCC=/usr/bin/cc]
  ignore line: [Target: x86_64-redhat-linux]
  ignore line: [Configured with: ../configure --prefix=/usr --mandir=/usr/share/man --infodir=/usr/share/info --with-bugurl=http://bugzilla.redhat.com/bugzilla --enable-bootstrap --enable-shared --enable-threads=posix --enable-checking=release --with-system-zlib --enable-__cxa_atexit --disable-libunwind-exceptions --enable-gnu-unique-object --enable-linker-build-id --with-linker-hash-style=gnu --enable-languages=c,c++,objc,obj-c++,java,fortran,ada,go,lto --enable-plugin --enable-initfini-array --disable-libgcj --with-isl=/builddir/build/BUILD/gcc-4.8.5-20150702/obj-x86_64-redhat-linux/isl-install --with-cloog=/builddir/build/BUILD/gcc-4.8.5-20150702/obj-x86_64-redhat-linux/cloog-install --enable-gnu-indirect-function --with-tune=generic --with-arch_32=x86-64 --build=x86_64-redhat-linux]
  ignore line: [Thread model: posix]
  ignore line: [gcc version 4.8.5 20150623 (Red Hat 4.8.5-44) (GCC) ]
  ignore line: [COLLECT_GCC_OPTIONS='-v' '-o' 'CMakeFiles/cmTC_abc3e.dir/CMakeCCompilerABI.c.o' '-c' '-mtune=generic' '-march=x86-64']
  ignore line: [ /usr/libexec/gcc/x86_64-redhat-linux/4.8.5/cc1 -quiet -v /oscar/rt/7.2/opt/cmake/3.15.4/share/cmake-3.15/Modules/CMakeCCompilerABI.c -quiet -dumpbase CMakeCCompilerABI.c -mtune=generic -march=x86-64 -auxbase-strip CMakeFiles/cmTC_abc3e.dir/CMakeCCompilerABI.c.o -version -o /tmp/ccc4xbcz.s]
  ignore line: [GNU C (GCC) version 4.8.5 20150623 (Red Hat 4.8.5-44) (x86_64-redhat-linux)]
  ignore line: [	compiled by GNU C version 4.8.5 20150623 (Red Hat 4.8.5-44), GMP version 6.0.0, MPFR version 3.1.1, MPC version 1.0.1]
  ignore line: [GGC heuristics: --param ggc-min-expand=100 --param ggc-min-heapsize=131072]
  ignore line: [ignoring nonexistent directory "/usr/lib/gcc/x86_64-redhat-linux/4.8.5/include-fixed"]
  ignore line: [ignoring nonexistent directory "/usr/lib/gcc/x86_64-redhat-linux/4.8.5/../../../../x86_64-redhat-linux/include"]
  ignore line: [ignoring duplicate directory "/gpfs/runtime/opt/gcc/10.2/include"]
  ignore line: [  as it is a non-system directory that duplicates a system directory]
  ignore line: [#include "..." search starts here:]
  ignore line: [#include <...> search starts here:]
  ignore line: [ /gpfs/runtime/opt/eigen/3.3.2/include]
  ignore line: [ /gpfs/runtime/opt/eigen/3.3.2/include/eigen3/Eigen]
  ignore line: [ /gpfs/runtime/opt/eigen/3.3.2/include/eigen3/]
  ignore line: [ /gpfs/runtime/opt/boost/1.69/include]
  ignore line: [ /gpfs/runtime/opt/intel/2017.0/mkl/include]
  ignore line: [ /gpfs/runtime/opt/python/2.7.12/include]
  ignore line: [ /gpfs/runtime/opt/gcc/10.2/include]
  ignore line: [ /usr/lib/gcc/x86_64-redhat-linux/4.8.5/include]
  ignore line: [ /usr/local/include]
  ignore line: [ /usr/include]
  ignore line: [End of search list.]
  ignore line: [GNU C (GCC) version 4.8.5 20150623 (Red Hat 4.8.5-44) (x86_64-redhat-linux)]
  ignore line: [	compiled by GNU C version 4.8.5 20150623 (Red Hat 4.8.5-44), GMP version 6.0.0, MPFR version 3.1.1, MPC version 1.0.1]
  ignore line: [GGC heuristics: --param ggc-min-expand=100 --param ggc-min-heapsize=131072]
  ignore line: [Compiler executable checksum: f578243089434e25c47d91ee1154d9e2]
  ignore line: [COLLECT_GCC_OPTIONS='-v' '-o' 'CMakeFiles/cmTC_abc3e.dir/CMakeCCompilerABI.c.o' '-c' '-mtune=generic' '-march=x86-64']
  ignore line: [ as -v --64 -o CMakeFiles/cmTC_abc3e.dir/CMakeCCompilerABI.c.o /tmp/ccc4xbcz.s]
  ignore line: [GNU assembler version 2.27 (x86_64-redhat-linux) using BFD version version 2.27-44.base.el7_9.1]
  ignore line: [COMPILER_PATH=/usr/libexec/gcc/x86_64-redhat-linux/4.8.5/:/usr/libexec/gcc/x86_64-redhat-linux/4.8.5/:/usr/libexec/gcc/x86_64-redhat-linux/:/usr/lib/gcc/x86_64-redhat-linux/4.8.5/:/usr/lib/gcc/x86_64-redhat-linux/]
  ignore line: [LIBRARY_PATH=/usr/lib/gcc/x86_64-redhat-linux/4.8.5/:/usr/lib/gcc/x86_64-redhat-linux/4.8.5/../../../../lib64/:/lib/../lib64/:/usr/lib/../lib64/:/gpfs/runtime/opt/boost/1.69/lib/:/gpfs/runtime/opt/intel/2017.0/lib/intel64/:/gpfs/runtime/opt/intel/2017.0/mkl/lib/intel64/:/gpfs/runtime/opt/python/2.7.12/lib/:/usr/lib/gcc/x86_64-redhat-linux/4.8.5/../../../:/lib/:/usr/lib/]
  ignore line: [COLLECT_GCC_OPTIONS='-v' '-o' 'CMakeFiles/cmTC_abc3e.dir/CMakeCCompilerABI.c.o' '-c' '-mtune=generic' '-march=x86-64']
  ignore line: [Linking C executable cmTC_abc3e]
  ignore line: [/oscar/rt/7.2/opt/cmake/3.15.4/bin/cmake -E cmake_link_script CMakeFiles/cmTC_abc3e.dir/link.txt --verbose=1]
  ignore line: [/usr/bin/cc     -v CMakeFiles/cmTC_abc3e.dir/CMakeCCompilerABI.c.o  -o cmTC_abc3e ]
  ignore line: [Using built-in specs.]
  ignore line: [COLLECT_GCC=/usr/bin/cc]
  ignore line: [COLLECT_LTO_WRAPPER=/usr/libexec/gcc/x86_64-redhat-linux/4.8.5/lto-wrapper]
  ignore line: [Target: x86_64-redhat-linux]
  ignore line: [Configured with: ../configure --prefix=/usr --mandir=/usr/share/man --infodir=/usr/share/info --with-bugurl=http://bugzilla.redhat.com/bugzilla --enable-bootstrap --enable-shared --enable-threads=posix --enable-checking=release --with-system-zlib --enable-__cxa_atexit --disable-libunwind-exceptions --enable-gnu-unique-object --enable-linker-build-id --with-linker-hash-style=gnu --enable-languages=c,c++,objc,obj-c++,java,fortran,ada,go,lto --enable-plugin --enable-initfini-array --disable-libgcj --with-isl=/builddir/build/BUILD/gcc-4.8.5-20150702/obj-x86_64-redhat-linux/isl-install --with-cloog=/builddir/build/BUILD/gcc-4.8.5-20150702/obj-x86_64-redhat-linux/cloog-install --enable-gnu-indirect-function --with-tune=generic --with-arch_32=x86-64 --build=x86_64-redhat-linux]
  ignore line: [Thread model: posix]
  ignore line: [gcc version 4.8.5 20150623 (Red Hat 4.8.5-44) (GCC) ]
  ignore line: [COMPILER_PATH=/usr/libexec/gcc/x86_64-redhat-linux/4.8.5/:/usr/libexec/gcc/x86_64-redhat-linux/4.8.5/:/usr/libexec/gcc/x86_64-redhat-linux/:/usr/lib/gcc/x86_64-redhat-linux/4.8.5/:/usr/lib/gcc/x86_64-redhat-linux/]
  ignore line: [LIBRARY_PATH=/usr/lib/gcc/x86_64-redhat-linux/4.8.5/:/usr/lib/gcc/x86_64-redhat-linux/4.8.5/../../../../lib64/:/lib/../lib64/:/usr/lib/../lib64/:/gpfs/runtime/opt/boost/1.69/lib/:/gpfs/runtime/opt/intel/2017.0/lib/intel64/:/gpfs/runtime/opt/intel/2017.0/mkl/lib/intel64/:/gpfs/runtime/opt/python/2.7.12/lib/:/usr/lib/gcc/x86_64-redhat-linux/4.8.5/../../../:/lib/:/usr/lib/]
  ignore line: [COLLECT_GCC_OPTIONS='-v' '-o' 'cmTC_abc3e' '-mtune=generic' '-march=x86-64']
  link line: [ /usr/libexec/gcc/x86_64-redhat-linux/4.8.5/collect2 --build-id --no-add-needed --eh-frame-hdr --hash-style=gnu -m elf_x86_64 -dynamic-linker /lib64/ld-linux-x86-64.so.2 -o cmTC_abc3e /usr/lib/gcc/x86_64-redhat-linux/4.8.5/../../../../lib64/crt1.o /usr/lib/gcc/x86_64-redhat-linux/4.8.5/../../../../lib64/crti.o /usr/lib/gcc/x86_64-redhat-linux/4.8.5/crtbegin.o -L/usr/lib/gcc/x86_64-redhat-linux/4.8.5 -L/usr/lib/gcc/x86_64-redhat-linux/4.8.5/../../../../lib64 -L/lib/../lib64 -L/usr/lib/../lib64 -L/gpfs/runtime/opt/boost/1.69/lib -L/gpfs/runtime/opt/intel/2017.0/lib/intel64 -L/gpfs/runtime/opt/intel/2017.0/mkl/lib/intel64 -L/gpfs/runtime/opt/python/2.7.12/lib -L/usr/lib/gcc/x86_64-redhat-linux/4.8.5/../../.. CMakeFiles/cmTC_abc3e.dir/CMakeCCompilerABI.c.o -lgcc --as-needed -lgcc_s --no-as-needed -lc -lgcc --as-needed -lgcc_s --no-as-needed /usr/lib/gcc/x86_64-redhat-linux/4.8.5/crtend.o /usr/lib/gcc/x86_64-redhat-linux/4.8.5/../../../../lib64/crtn.o]
    arg [/usr/libexec/gcc/x86_64-redhat-linux/4.8.5/collect2] ==> ignore
    arg [--build-id] ==> ignore
    arg [--no-add-needed] ==> ignore
    arg [--eh-frame-hdr] ==> ignore
    arg [--hash-style=gnu] ==> ignore
    arg [-m] ==> ignore
    arg [elf_x86_64] ==> ignore
    arg [-dynamic-linker] ==> ignore
    arg [/lib64/ld-linux-x86-64.so.2] ==> ignore
    arg [-o] ==> ignore
    arg [cmTC_abc3e] ==> ignore
    arg [/usr/lib/gcc/x86_64-redhat-linux/4.8.5/../../../../lib64/crt1.o] ==> ignore
    arg [/usr/lib/gcc/x86_64-redhat-linux/4.8.5/../../../../lib64/crti.o] ==> ignore
    arg [/usr/lib/gcc/x86_64-redhat-linux/4.8.5/crtbegin.o] ==> ignore
    arg [-L/usr/lib/gcc/x86_64-redhat-linux/4.8.5] ==> dir [/usr/lib/gcc/x86_64-redhat-linux/4.8.5]
    arg [-L/usr/lib/gcc/x86_64-redhat-linux/4.8.5/../../../../lib64] ==> dir [/usr/lib/gcc/x86_64-redhat-linux/4.8.5/../../../../lib64]
    arg [-L/lib/../lib64] ==> dir [/lib/../lib64]
    arg [-L/usr/lib/../lib64] ==> dir [/usr/lib/../lib64]
    arg [-L/gpfs/runtime/opt/boost/1.69/lib] ==> dir [/gpfs/runtime/opt/boost/1.69/lib]
    arg [-L/gpfs/runtime/opt/intel/2017.0/lib/intel64] ==> dir [/gpfs/runtime/opt/intel/2017.0/lib/intel64]
    arg [-L/gpfs/runtime/opt/intel/2017.0/mkl/lib/intel64] ==> dir [/gpfs/runtime/opt/intel/2017.0/mkl/lib/intel64]
    arg [-L/gpfs/runtime/opt/python/2.7.12/lib] ==> dir [/gpfs/runtime/opt/python/2.7.12/lib]
    arg [-L/usr/lib/gcc/x86_64-redhat-linux/4.8.5/../../..] ==> dir [/usr/lib/gcc/x86_64-redhat-linux/4.8.5/../../..]
    arg [CMakeFiles/cmTC_abc3e.dir/CMakeCCompilerABI.c.o] ==> ignore
    arg [-lgcc] ==> lib [gcc]
    arg [--as-needed] ==> ignore
    arg [-lgcc_s] ==> lib [gcc_s]
    arg [--no-as-needed] ==> ignore
    arg [-lc] ==> lib [c]
    arg [-lgcc] ==> lib [gcc]
    arg [--as-needed] ==> ignore
    arg [-lgcc_s] ==> lib [gcc_s]
    arg [--no-as-needed] ==> ignore
    arg [/usr/lib/gcc/x86_64-redhat-linux/4.8.5/crtend.o] ==> ignore
    arg [/usr/lib/gcc/x86_64-redhat-linux/4.8.5/../../../../lib64/crtn.o] ==> ignore
  collapse library dir [/usr/lib/gcc/x86_64-redhat-linux/4.8.5] ==> [/usr/lib/gcc/x86_64-redhat-linux/4.8.5]
  collapse library dir [/usr/lib/gcc/x86_64-redhat-linux/4.8.5/../../../../lib64] ==> [/usr/lib64]
  collapse library dir [/lib/../lib64] ==> [/lib64]
  collapse library dir [/usr/lib/../lib64] ==> [/usr/lib64]
  collapse library dir [/gpfs/runtime/opt/boost/1.69/lib] ==> [/gpfs/runtime/opt/boost/1.69/lib]
  collapse library dir [/gpfs/runtime/opt/intel/2017.0/lib/intel64] ==> [/gpfs/runtime/opt/intel/2017.0/lib/intel64]
  collapse library dir [/gpfs/runtime/opt/intel/2017.0/mkl/lib/intel64] ==> [/gpfs/runtime/opt/intel/2017.0/mkl/lib/intel64]
  collapse library dir [/gpfs/runtime/opt/python/2.7.12/lib] ==> [/gpfs/runtime/opt/python/2.7.12/lib]
  collapse library dir [/usr/lib/gcc/x86_64-redhat-linux/4.8.5/../../..] ==> [/usr/lib]
  implicit libs: [gcc;gcc_s;c;gcc;gcc_s]
  implicit dirs: [/usr/lib/gcc/x86_64-redhat-linux/4.8.5;/usr/lib64;/lib64;/gpfs/runtime/opt/boost/1.69/lib;/gpfs/runtime/opt/intel/2017.0/lib/intel64;/gpfs/runtime/opt/intel/2017.0/mkl/lib/intel64;/gpfs/runtime/opt/python/2.7.12/lib;/usr/lib]
  implicit fwks: []


Determining if the CXX compiler works passed with the following output:
Change Dir: /users/yzhen105/Edge_Based_Reconstruction/build/CMakeFiles/CMakeTmp

Run Build Command(s):/usr/bin/gmake cmTC_85c85/fast && /usr/bin/gmake -f CMakeFiles/cmTC_85c85.dir/build.make CMakeFiles/cmTC_85c85.dir/build
gmake[1]: Entering directory `/oscar/home/yzhen105/Edge_Based_Reconstruction/build/CMakeFiles/CMakeTmp'
Building CXX object CMakeFiles/cmTC_85c85.dir/testCXXCompiler.cxx.o
/usr/bin/c++    -std=gnu++11 -o CMakeFiles/cmTC_85c85.dir/testCXXCompiler.cxx.o -c /users/yzhen105/Edge_Based_Reconstruction/build/CMakeFiles/CMakeTmp/testCXXCompiler.cxx
Linking CXX executable cmTC_85c85
/oscar/rt/7.2/opt/cmake/3.15.4/bin/cmake -E cmake_link_script CMakeFiles/cmTC_85c85.dir/link.txt --verbose=1
/usr/bin/c++       CMakeFiles/cmTC_85c85.dir/testCXXCompiler.cxx.o  -o cmTC_85c85 
gmake[1]: Leaving directory `/oscar/home/yzhen105/Edge_Based_Reconstruction/build/CMakeFiles/CMakeTmp'



Detecting CXX compiler ABI info compiled with the following output:
Change Dir: /users/yzhen105/Edge_Based_Reconstruction/build/CMakeFiles/CMakeTmp

Run Build Command(s):/usr/bin/gmake cmTC_55d89/fast && /usr/bin/gmake -f CMakeFiles/cmTC_55d89.dir/build.make CMakeFiles/cmTC_55d89.dir/build
gmake[1]: Entering directory `/oscar/home/yzhen105/Edge_Based_Reconstruction/build/CMakeFiles/CMakeTmp'
Building CXX object CMakeFiles/cmTC_55d89.dir/CMakeCXXCompilerABI.cpp.o
/usr/bin/c++    -v -std=gnu++11 -o CMakeFiles/cmTC_55d89.dir/CMakeCXXCompilerABI.cpp.o -c /oscar/rt/7.2/opt/cmake/3.15.4/share/cmake-3.15/Modules/CMakeCXXCompilerABI.cpp
Using built-in specs.
COLLECT_GCC=/usr/bin/c++
Target: x86_64-redhat-linux
Configured with: ../configure --prefix=/usr --mandir=/usr/share/man --infodir=/usr/share/info --with-bugurl=http://bugzilla.redhat.com/bugzilla --enable-bootstrap --enable-shared --enable-threads=posix --enable-checking=release --with-system-zlib --enable-__cxa_atexit --disable-libunwind-exceptions --enable-gnu-unique-object --enable-linker-build-id --with-linker-hash-style=gnu --enable-languages=c,c++,objc,obj-c++,java,fortran,ada,go,lto --enable-plugin --enable-initfini-array --disable-libgcj --with-isl=/builddir/build/BUILD/gcc-4.8.5-20150702/obj-x86_64-redhat-linux/isl-install --with-cloog=/builddir/build/BUILD/gcc-4.8.5-20150702/obj-x86_64-redhat-linux/cloog-install --enable-gnu-indirect-function --with-tune=generic --with-arch_32=x86-64 --build=x86_64-redhat-linux
Thread model: posix
gcc version 4.8.5 20150623 (Red Hat 4.8.5-44) (GCC) 
COLLECT_GCC_OPTIONS='-v' '-std=gnu++11' '-o' 'CMakeFiles/cmTC_55d89.dir/CMakeCXXCompilerABI.cpp.o' '-c' '-shared-libgcc' '-mtune=generic' '-march=x86-64'
 /usr/libexec/gcc/x86_64-redhat-linux/4.8.5/cc1plus -quiet -v -D_GNU_SOURCE /oscar/rt/7.2/opt/cmake/3.15.4/share/cmake-3.15/Modules/CMakeCXXCompilerABI.cpp -quiet -dumpbase CMakeCXXCompilerABI.cpp -mtune=generic -march=x86-64 -auxbase-strip CMakeFiles/cmTC_55d89.dir/CMakeCXXCompilerABI.cpp.o -std=gnu++11 -version -o /tmp/cc8vGUc9.s
GNU C++ (GCC) version 4.8.5 20150623 (Red Hat 4.8.5-44) (x86_64-redhat-linux)
	compiled by GNU C version 4.8.5 20150623 (Red Hat 4.8.5-44), GMP version 6.0.0, MPFR version 3.1.1, MPC version 1.0.1
GGC heuristics: --param ggc-min-expand=100 --param ggc-min-heapsize=131072
ignoring nonexistent directory "/usr/lib/gcc/x86_64-redhat-linux/4.8.5/include-fixed"
ignoring nonexistent directory "/usr/lib/gcc/x86_64-redhat-linux/4.8.5/../../../../x86_64-redhat-linux/include"
ignoring duplicate directory "/gpfs/runtime/opt/eigen/3.3.2/include"
  as it is a non-system directory that duplicates a system directory
ignoring duplicate directory "/gpfs/runtime/opt/eigen/3.3.2/include/eigen3/Eigen"
  as it is a non-system directory that duplicates a system directory
ignoring duplicate directory "/gpfs/runtime/opt/eigen/3.3.2/include/eigen3/"
  as it is a non-system directory that duplicates a system directory
ignoring duplicate directory "/gpfs/runtime/opt/gcc/10.2/include"
  as it is a non-system directory that duplicates a system directory
#include "..." search starts here:
#include <...> search starts here:
 /gpfs/runtime/opt/boost/1.69/include
 /gpfs/runtime/opt/intel/2017.0/mkl/include
 /gpfs/runtime/opt/python/2.7.12/include
 /gpfs/runtime/opt/eigen/3.3.2/include
 /gpfs/runtime/opt/eigen/3.3.2/include/eigen3/Eigen
 /gpfs/runtime/opt/eigen/3.3.2/include/eigen3/
 /gpfs/runtime/opt/gcc/10.2/include
 /usr/lib/gcc/x86_64-redhat-linux/4.8.5/../../../../include/c++/4.8.5
 /usr/lib/gcc/x86_64-redhat-linux/4.8.5/../../../../include/c++/4.8.5/x86_64-redhat-linux
 /usr/lib/gcc/x86_64-redhat-linux/4.8.5/../../../../include/c++/4.8.5/backward
 /usr/lib/gcc/x86_64-redhat-linux/4.8.5/include
 /usr/local/include
 /usr/include
End of search list.
GNU C++ (GCC) version 4.8.5 20150623 (Red Hat 4.8.5-44) (x86_64-redhat-linux)
	compiled by GNU C version 4.8.5 20150623 (Red Hat 4.8.5-44), GMP version 6.0.0, MPFR version 3.1.1, MPC version 1.0.1
GGC heuristics: --param ggc-min-expand=100 --param ggc-min-heapsize=131072
Compiler executable checksum: 870b38fd8ce6d67c02dcc3b6efdbe63d
COLLECT_GCC_OPTIONS='-v' '-std=gnu++11' '-o' 'CMakeFiles/cmTC_55d89.dir/CMakeCXXCompilerABI.cpp.o' '-c' '-shared-libgcc' '-mtune=generic' '-march=x86-64'
 as -v --64 -o CMakeFiles/cmTC_55d89.dir/CMakeCXXCompilerABI.cpp.o /tmp/cc8vGUc9.s
GNU assembler version 2.27 (x86_64-redhat-linux) using BFD version version 2.27-44.base.el7_9.1
COMPILER_PATH=/usr/libexec/gcc/x86_64-redhat-linux/4.8.5/:/usr/libexec/gcc/x86_64-redhat-linux/4.8.5/:/usr/libexec/gcc/x86_64-redhat-linux/:/usr/lib/gcc/x86_64-redhat-linux/4.8.5/:/usr/lib/gcc/x86_64-redhat-linux/
LIBRARY_PATH=/usr/lib/gcc/x86_64-redhat-linux/4.8.5/:/usr/lib/gcc/x86_64-redhat-linux/4.8.5/../../../../lib64/:/lib/../lib64/:/usr/lib/../lib64/:/gpfs/runtime/opt/boost/1.69/lib/:/gpfs/runtime/opt/intel/2017.0/lib/intel64/:/gpfs/runtime/opt/intel/2017.0/mkl/lib/intel64/:/gpfs/runtime/opt/python/2.7.12/lib/:/usr/lib/gcc/x86_64-redhat-linux/4.8.5/../../../:/lib/:/usr/lib/
COLLECT_GCC_OPTIONS='-v' '-std=gnu++11' '-o' 'CMakeFiles/cmTC_55d89.dir/CMakeCXXCompilerABI.cpp.o' '-c' '-shared-libgcc' '-mtune=generic' '-march=x86-64'
Linking CXX executable cmTC_55d89
/oscar/rt/7.2/opt/cmake/3.15.4/bin/cmake -E cmake_link_script CMakeFiles/cmTC_55d89.dir/link.txt --verbose=1
/usr/bin/c++      -v CMakeFiles/cmTC_55d89.dir/CMakeCXXCompilerABI.cpp.o  -o cmTC_55d89 
Using built-in specs.
COLLECT_GCC=/usr/bin/c++
COLLECT_LTO_WRAPPER=/usr/libexec/gcc/x86_64-redhat-linux/4.8.5/lto-wrapper
Target: x86_64-redhat-linux
Configured with: ../configure --prefix=/usr --mandir=/usr/share/man --infodir=/usr/share/info --with-bugurl=http://bugzilla.redhat.com/bugzilla --enable-bootstrap --enable-shared --enable-threads=posix --enable-checking=release --with-system-zlib --enable-__cxa_atexit --disable-libunwind-exceptions --enable-gnu-unique-object --enable-linker-build-id --with-linker-hash-style=gnu --enable-languages=c,c++,objc,obj-c++,java,fortran,ada,go,lto --enable-plugin --enable-initfini-array --disable-libgcj --with-isl=/builddir/build/BUILD/gcc-4.8.5-20150702/obj-x86_64-redhat-linux/isl-install --with-cloog=/builddir/build/BUILD/gcc-4.8.5-20150702/obj-x86_64-redhat-linux/cloog-install --enable-gnu-indirect-function --with-tune=generic --with-arch_32=x86-64 --build=x86_64-redhat-linux
Thread model: posix
gcc version 4.8.5 20150623 (Red Hat 4.8.5-44) (GCC) 
COMPILER_PATH=/usr/libexec/gcc/x86_64-redhat-linux/4.8.5/:/usr/libexec/gcc/x86_64-redhat-linux/4.8.5/:/usr/libexec/gcc/x86_64-redhat-linux/:/usr/lib/gcc/x86_64-redhat-linux/4.8.5/:/usr/lib/gcc/x86_64-redhat-linux/
LIBRARY_PATH=/usr/lib/gcc/x86_64-redhat-linux/4.8.5/:/usr/lib/gcc/x86_64-redhat-linux/4.8.5/../../../../lib64/:/lib/../lib64/:/usr/lib/../lib64/:/gpfs/runtime/opt/boost/1.69/lib/:/gpfs/runtime/opt/intel/2017.0/lib/intel64/:/gpfs/runtime/opt/intel/2017.0/mkl/lib/intel64/:/gpfs/runtime/opt/python/2.7.12/lib/:/usr/lib/gcc/x86_64-redhat-linux/4.8.5/../../../:/lib/:/usr/lib/
COLLECT_GCC_OPTIONS='-v' '-o' 'cmTC_55d89' '-shared-libgcc' '-mtune=generic' '-march=x86-64'
 /usr/libexec/gcc/x86_64-redhat-linux/4.8.5/collect2 --build-id --no-add-needed --eh-frame-hdr --hash-style=gnu -m elf_x86_64 -dynamic-linker /lib64/ld-linux-x86-64.so.2 -o cmTC_55d89 /usr/lib/gcc/x86_64-redhat-linux/4.8.5/../../../../lib64/crt1.o /usr/lib/gcc/x86_64-redhat-linux/4.8.5/../../../../lib64/crti.o /usr/lib/gcc/x86_64-redhat-linux/4.8.5/crtbegin.o -L/usr/lib/gcc/x86_64-redhat-linux/4.8.5 -L/usr/lib/gcc/x86_64-redhat-linux/4.8.5/../../../../lib64 -L/lib/../lib64 -L/usr/lib/../lib64 -L/gpfs/runtime/opt/boost/1.69/lib -L/gpfs/runtime/opt/intel/2017.0/lib/intel64 -L/gpfs/runtime/opt/intel/2017.0/mkl/lib/intel64 -L/gpfs/runtime/opt/python/2.7.12/lib -L/usr/lib/gcc/x86_64-redhat-linux/4.8.5/../../.. CMakeFiles/cmTC_55d89.dir/CMakeCXXCompilerABI.cpp.o -lstdc++ -lm -lgcc_s -lgcc -lc -lgcc_s -lgcc /usr/lib/gcc/x86_64-redhat-linux/4.8.5/crtend.o /usr/lib/gcc/x86_64-redhat-linux/4.8.5/../../../../lib64/crtn.o
gmake[1]: Leaving directory `/oscar/home/yzhen105/Edge_Based_Reconstruction/build/CMakeFiles/CMakeTmp'



Parsed CXX implicit include dir info from above output: rv=done
  found start of include info
  found start of implicit include info
    add: [/gpfs/runtime/opt/boost/1.69/include]
    add: [/gpfs/runtime/opt/intel/2017.0/mkl/include]
    add: [/gpfs/runtime/opt/python/2.7.12/include]
    add: [/gpfs/runtime/opt/eigen/3.3.2/include]
    add: [/gpfs/runtime/opt/eigen/3.3.2/include/eigen3/Eigen]
    add: [/gpfs/runtime/opt/eigen/3.3.2/include/eigen3/]
    add: [/gpfs/runtime/opt/gcc/10.2/include]
    add: [/usr/lib/gcc/x86_64-redhat-linux/4.8.5/../../../../include/c++/4.8.5]
    add: [/usr/lib/gcc/x86_64-redhat-linux/4.8.5/../../../../include/c++/4.8.5/x86_64-redhat-linux]
    add: [/usr/lib/gcc/x86_64-redhat-linux/4.8.5/../../../../include/c++/4.8.5/backward]
    add: [/usr/lib/gcc/x86_64-redhat-linux/4.8.5/include]
    add: [/usr/local/include]
    add: [/usr/include]
  end of search list found
  collapse include dir [/gpfs/runtime/opt/boost/1.69/include] ==> [/gpfs/runtime/opt/boost/1.69/include]
  collapse include dir [/gpfs/runtime/opt/intel/2017.0/mkl/include] ==> [/gpfs/runtime/opt/intel/2017.0/mkl/include]
  collapse include dir [/gpfs/runtime/opt/python/2.7.12/include] ==> [/gpfs/runtime/opt/python/2.7.12/include]
  collapse include dir [/gpfs/runtime/opt/eigen/3.3.2/include] ==> [/gpfs/runtime/opt/eigen/3.3.2/include]
  collapse include dir [/gpfs/runtime/opt/eigen/3.3.2/include/eigen3/Eigen] ==> [/gpfs/runtime/opt/eigen/3.3.2/include/eigen3/Eigen]
  collapse include dir [/gpfs/runtime/opt/eigen/3.3.2/include/eigen3/] ==> [/gpfs/runtime/opt/eigen/3.3.2/include/eigen3]
  collapse include dir [/gpfs/runtime/opt/gcc/10.2/include] ==> [/gpfs/runtime/opt/gcc/10.2/include]
  collapse include dir [/usr/lib/gcc/x86_64-redhat-linux/4.8.5/../../../../include/c++/4.8.5] ==> [/usr/include/c++/4.8.5]
  collapse include dir [/usr/lib/gcc/x86_64-redhat-linux/4.8.5/../../../../include/c++/4.8.5/x86_64-redhat-linux] ==> [/usr/include/c++/4.8.5/x86_64-redhat-linux]
  collapse include dir [/usr/lib/gcc/x86_64-redhat-linux/4.8.5/../../../../include/c++/4.8.5/backward] ==> [/usr/include/c++/4.8.5/backward]
  collapse include dir [/usr/lib/gcc/x86_64-redhat-linux/4.8.5/include] ==> [/usr/lib/gcc/x86_64-redhat-linux/4.8.5/include]
  collapse include dir [/usr/local/include] ==> [/usr/local/include]
  collapse include dir [/usr/include] ==> [/usr/include]
  implicit include dirs: [/gpfs/runtime/opt/boost/1.69/include;/gpfs/runtime/opt/intel/2017.0/mkl/include;/gpfs/runtime/opt/python/2.7.12/include;/gpfs/runtime/opt/eigen/3.3.2/include;/gpfs/runtime/opt/eigen/3.3.2/include/eigen3/Eigen;/gpfs/runtime/opt/eigen/3.3.2/include/eigen3;/gpfs/runtime/opt/gcc/10.2/include;/usr/include/c++/4.8.5;/usr/include/c++/4.8.5/x86_64-redhat-linux;/usr/include/c++/4.8.5/backward;/usr/lib/gcc/x86_64-redhat-linux/4.8.5/include;/usr/local/include;/usr/include]


Parsed CXX implicit link information from above output:
  link line regex: [^( *|.*[/\])(ld|CMAKE_LINK_STARTFILE-NOTFOUND|([^/\]+-)?ld|collect2)[^/\]*( |$)]
  ignore line: [Change Dir: /users/yzhen105/Edge_Based_Reconstruction/build/CMakeFiles/CMakeTmp]
  ignore line: []
  ignore line: [Run Build Command(s):/usr/bin/gmake cmTC_55d89/fast && /usr/bin/gmake -f CMakeFiles/cmTC_55d89.dir/build.make CMakeFiles/cmTC_55d89.dir/build]
  ignore line: [gmake[1]: Entering directory `/oscar/home/yzhen105/Edge_Based_Reconstruction/build/CMakeFiles/CMakeTmp']
  ignore line: [Building CXX object CMakeFiles/cmTC_55d89.dir/CMakeCXXCompilerABI.cpp.o]
  ignore line: [/usr/bin/c++    -v -std=gnu++11 -o CMakeFiles/cmTC_55d89.dir/CMakeCXXCompilerABI.cpp.o -c /oscar/rt/7.2/opt/cmake/3.15.4/share/cmake-3.15/Modules/CMakeCXXCompilerABI.cpp]
  ignore line: [Using built-in specs.]
  ignore line: [COLLECT_GCC=/usr/bin/c++]
  ignore line: [Target: x86_64-redhat-linux]
  ignore line: [Configured with: ../configure --prefix=/usr --mandir=/usr/share/man --infodir=/usr/share/info --with-bugurl=http://bugzilla.redhat.com/bugzilla --enable-bootstrap --enable-shared --enable-threads=posix --enable-checking=release --with-system-zlib --enable-__cxa_atexit --disable-libunwind-exceptions --enable-gnu-unique-object --enable-linker-build-id --with-linker-hash-style=gnu --enable-languages=c,c++,objc,obj-c++,java,fortran,ada,go,lto --enable-plugin --enable-initfini-array --disable-libgcj --with-isl=/builddir/build/BUILD/gcc-4.8.5-20150702/obj-x86_64-redhat-linux/isl-install --with-cloog=/builddir/build/BUILD/gcc-4.8.5-20150702/obj-x86_64-redhat-linux/cloog-install --enable-gnu-indirect-function --with-tune=generic --with-arch_32=x86-64 --build=x86_64-redhat-linux]
  ignore line: [Thread model: posix]
  ignore line: [gcc version 4.8.5 20150623 (Red Hat 4.8.5-44) (GCC) ]
  ignore line: [COLLECT_GCC_OPTIONS='-v' '-std=gnu++11' '-o' 'CMakeFiles/cmTC_55d89.dir/CMakeCXXCompilerABI.cpp.o' '-c' '-shared-libgcc' '-mtune=generic' '-march=x86-64']
  ignore line: [ /usr/libexec/gcc/x86_64-redhat-linux/4.8.5/cc1plus -quiet -v -D_GNU_SOURCE /oscar/rt/7.2/opt/cmake/3.15.4/share/cmake-3.15/Modules/CMakeCXXCompilerABI.cpp -quiet -dumpbase CMakeCXXCompilerABI.cpp -mtune=generic -march=x86-64 -auxbase-strip CMakeFiles/cmTC_55d89.dir/CMakeCXXCompilerABI.cpp.o -std=gnu++11 -version -o /tmp/cc8vGUc9.s]
  ignore line: [GNU C++ (GCC) version 4.8.5 20150623 (Red Hat 4.8.5-44) (x86_64-redhat-linux)]
  ignore line: [	compiled by GNU C version 4.8.5 20150623 (Red Hat 4.8.5-44), GMP version 6.0.0, MPFR version 3.1.1, MPC version 1.0.1]
  ignore line: [GGC heuristics: --param ggc-min-expand=100 --param ggc-min-heapsize=131072]
  ignore line: [ignoring nonexistent directory "/usr/lib/gcc/x86_64-redhat-linux/4.8.5/include-fixed"]
  ignore line: [ignoring nonexistent directory "/usr/lib/gcc/x86_64-redhat-linux/4.8.5/../../../../x86_64-redhat-linux/include"]
  ignore line: [ignoring duplicate directory "/gpfs/runtime/opt/eigen/3.3.2/include"]
  ignore line: [  as it is a non-system directory that duplicates a system directory]
  ignore line: [ignoring duplicate directory "/gpfs/runtime/opt/eigen/3.3.2/include/eigen3/Eigen"]
  ignore line: [  as it is a non-system directory that duplicates a system directory]
  ignore line: [ignoring duplicate directory "/gpfs/runtime/opt/eigen/3.3.2/include/eigen3/"]
  ignore line: [  as it is a non-system directory that duplicates a system directory]
  ignore line: [ignoring duplicate directory "/gpfs/runtime/opt/gcc/10.2/include"]
  ignore line: [  as it is a non-system directory that duplicates a system directory]
  ignore line: [#include "..." search starts here:]
  ignore line: [#include <...> search starts here:]
  ignore line: [ /gpfs/runtime/opt/boost/1.69/include]
  ignore line: [ /gpfs/runtime/opt/intel/2017.0/mkl/include]
  ignore line: [ /gpfs/runtime/opt/python/2.7.12/include]
  ignore line: [ /gpfs/runtime/opt/eigen/3.3.2/include]
  ignore line: [ /gpfs/runtime/opt/eigen/3.3.2/include/eigen3/Eigen]
  ignore line: [ /gpfs/runtime/opt/eigen/3.3.2/include/eigen3/]
  ignore line: [ /gpfs/runtime/opt/gcc/10.2/include]
  ignore line: [ /usr/lib/gcc/x86_64-redhat-linux/4.8.5/../../../../include/c++/4.8.5]
  ignore line: [ /usr/lib/gcc/x86_64-redhat-linux/4.8.5/../../../../include/c++/4.8.5/x86_64-redhat-linux]
  ignore line: [ /usr/lib/gcc/x86_64-redhat-linux/4.8.5/../../../../include/c++/4.8.5/backward]
  ignore line: [ /usr/lib/gcc/x86_64-redhat-linux/4.8.5/include]
  ignore line: [ /usr/local/include]
  ignore line: [ /usr/include]
  ignore line: [End of search list.]
  ignore line: [GNU C++ (GCC) version 4.8.5 20150623 (Red Hat 4.8.5-44) (x86_64-redhat-linux)]
  ignore line: [	compiled by GNU C version 4.8.5 20150623 (Red Hat 4.8.5-44), GMP version 6.0.0, MPFR version 3.1.1, MPC version 1.0.1]
  ignore line: [GGC heuristics: --param ggc-min-expand=100 --param ggc-min-heapsize=131072]
  ignore line: [Compiler executable checksum: 870b38fd8ce6d67c02dcc3b6efdbe63d]
  ignore line: [COLLECT_GCC_OPTIONS='-v' '-std=gnu++11' '-o' 'CMakeFiles/cmTC_55d89.dir/CMakeCXXCompilerABI.cpp.o' '-c' '-shared-libgcc' '-mtune=generic' '-march=x86-64']
  ignore line: [ as -v --64 -o CMakeFiles/cmTC_55d89.dir/CMakeCXXCompilerABI.cpp.o /tmp/cc8vGUc9.s]
  ignore line: [GNU assembler version 2.27 (x86_64-redhat-linux) using BFD version version 2.27-44.base.el7_9.1]
  ignore line: [COMPILER_PATH=/usr/libexec/gcc/x86_64-redhat-linux/4.8.5/:/usr/libexec/gcc/x86_64-redhat-linux/4.8.5/:/usr/libexec/gcc/x86_64-redhat-linux/:/usr/lib/gcc/x86_64-redhat-linux/4.8.5/:/usr/lib/gcc/x86_64-redhat-linux/]
  ignore line: [LIBRARY_PATH=/usr/lib/gcc/x86_64-redhat-linux/4.8.5/:/usr/lib/gcc/x86_64-redhat-linux/4.8.5/../../../../lib64/:/lib/../lib64/:/usr/lib/../lib64/:/gpfs/runtime/opt/boost/1.69/lib/:/gpfs/runtime/opt/intel/2017.0/lib/intel64/:/gpfs/runtime/opt/intel/2017.0/mkl/lib/intel64/:/gpfs/runtime/opt/python/2.7.12/lib/:/usr/lib/gcc/x86_64-redhat-linux/4.8.5/../../../:/lib/:/usr/lib/]
  ignore line: [COLLECT_GCC_OPTIONS='-v' '-std=gnu++11' '-o' 'CMakeFiles/cmTC_55d89.dir/CMakeCXXCompilerABI.cpp.o' '-c' '-shared-libgcc' '-mtune=generic' '-march=x86-64']
  ignore line: [Linking CXX executable cmTC_55d89]
  ignore line: [/oscar/rt/7.2/opt/cmake/3.15.4/bin/cmake -E cmake_link_script CMakeFiles/cmTC_55d89.dir/link.txt --verbose=1]
  ignore line: [/usr/bin/c++      -v CMakeFiles/cmTC_55d89.dir/CMakeCXXCompilerABI.cpp.o  -o cmTC_55d89 ]
  ignore line: [Using built-in specs.]
  ignore line: [COLLECT_GCC=/usr/bin/c++]
  ignore line: [COLLECT_LTO_WRAPPER=/usr/libexec/gcc/x86_64-redhat-linux/4.8.5/lto-wrapper]
  ignore line: [Target: x86_64-redhat-linux]
  ignore line: [Configured with: ../configure --prefix=/usr --mandir=/usr/share/man --infodir=/usr/share/info --with-bugurl=http://bugzilla.redhat.com/bugzilla --enable-bootstrap --enable-shared --enable-threads=posix --enable-checking=release --with-system-zlib --enable-__cxa_atexit --disable-libunwind-exceptions --enable-gnu-unique-object --enable-linker-build-id --with-linker-hash-style=gnu --enable-languages=c,c++,objc,obj-c++,java,fortran,ada,go,lto --enable-plugin --enable-initfini-array --disable-libgcj --with-isl=/builddir/build/BUILD/gcc-4.8.5-20150702/obj-x86_64-redhat-linux/isl-install --with-cloog=/builddir/build/BUILD/gcc-4.8.5-20150702/obj-x86_64-redhat-linux/cloog-install --enable-gnu-indirect-function --with-tune=generic --with-arch_32=x86-64 --build=x86_64-redhat-linux]
  ignore line: [Thread model: posix]
  ignore line: [gcc version 4.8.5 20150623 (Red Hat 4.8.5-44) (GCC) ]
  ignore line: [COMPILER_PATH=/usr/libexec/gcc/x86_64-redhat-linux/4.8.5/:/usr/libexec/gcc/x86_64-redhat-linux/4.8.5/:/usr/libexec/gcc/x86_64-redhat-linux/:/usr/lib/gcc/x86_64-redhat-linux/4.8.5/:/usr/lib/gcc/x86_64-redhat-linux/]
  ignore line: [LIBRARY_PATH=/usr/lib/gcc/x86_64-redhat-linux/4.8.5/:/usr/lib/gcc/x86_64-redhat-linux/4.8.5/../../../../lib64/:/lib/../lib64/:/usr/lib/../lib64/:/gpfs/runtime/opt/boost/1.69/lib/:/gpfs/runtime/opt/intel/2017.0/lib/intel64/:/gpfs/runtime/opt/intel/2017.0/mkl/lib/intel64/:/gpfs/runtime/opt/python/2.7.12/lib/:/usr/lib/gcc/x86_64-redhat-linux/4.8.5/../../../:/lib/:/usr/lib/]
  ignore line: [COLLECT_GCC_OPTIONS='-v' '-o' 'cmTC_55d89' '-shared-libgcc' '-mtune=generic' '-march=x86-64']
  link line: [ /usr/libexec/gcc/x86_64-redhat-linux/4.8.5/collect2 --build-id --no-add-needed --eh-frame-hdr --hash-style=gnu -m elf_x86_64 -dynamic-linker /lib64/ld-linux-x86-64.so.2 -o cmTC_55d89 /usr/lib/gcc/x86_64-redhat-linux/4.8.5/../../../../lib64/crt1.o /usr/lib/gcc/x86_64-redhat-linux/4.8.5/../../../../lib64/crti.o /usr/lib/gcc/x86_64-redhat-linux/4.8.5/crtbegin.o -L/usr/lib/gcc/x86_64-redhat-linux/4.8.5 -L/usr/lib/gcc/x86_64-redhat-linux/4.8.5/../../../../lib64 -L/lib/../lib64 -L/usr/lib/../lib64 -L/gpfs/runtime/opt/boost/1.69/lib -L/gpfs/runtime/opt/intel/2017.0/lib/intel64 -L/gpfs/runtime/opt/intel/2017.0/mkl/lib/intel64 -L/gpfs/runtime/opt/python/2.7.12/lib -L/usr/lib/gcc/x86_64-redhat-linux/4.8.5/../../.. CMakeFiles/cmTC_55d89.dir/CMakeCXXCompilerABI.cpp.o -lstdc++ -lm -lgcc_s -lgcc -lc -lgcc_s -lgcc /usr/lib/gcc/x86_64-redhat-linux/4.8.5/crtend.o /usr/lib/gcc/x86_64-redhat-linux/4.8.5/../../../../lib64/crtn.o]
    arg [/usr/libexec/gcc/x86_64-redhat-linux/4.8.5/collect2] ==> ignore
    arg [--build-id] ==> ignore
    arg [--no-add-needed] ==> ignore
    arg [--eh-frame-hdr] ==> ignore
    arg [--hash-style=gnu] ==> ignore
    arg [-m] ==> ignore
    arg [elf_x86_64] ==> ignore
    arg [-dynamic-linker] ==> ignore
    arg [/lib64/ld-linux-x86-64.so.2] ==> ignore
    arg [-o] ==> ignore
    arg [cmTC_55d89] ==> ignore
    arg [/usr/lib/gcc/x86_64-redhat-linux/4.8.5/../../../../lib64/crt1.o] ==> ignore
    arg [/usr/lib/gcc/x86_64-redhat-linux/4.8.5/../../../../lib64/crti.o] ==> ignore
    arg [/usr/lib/gcc/x86_64-redhat-linux/4.8.5/crtbegin.o] ==> ignore
    arg [-L/usr/lib/gcc/x86_64-redhat-linux/4.8.5] ==> dir [/usr/lib/gcc/x86_64-redhat-linux/4.8.5]
    arg [-L/usr/lib/gcc/x86_64-redhat-linux/4.8.5/../../../../lib64] ==> dir [/usr/lib/gcc/x86_64-redhat-linux/4.8.5/../../../../lib64]
    arg [-L/lib/../lib64] ==> dir [/lib/../lib64]
    arg [-L/usr/lib/../lib64] ==> dir [/usr/lib/../lib64]
    arg [-L/gpfs/runtime/opt/boost/1.69/lib] ==> dir [/gpfs/runtime/opt/boost/1.69/lib]
    arg [-L/gpfs/runtime/opt/intel/2017.0/lib/intel64] ==> dir [/gpfs/runtime/opt/intel/2017.0/lib/intel64]
    arg [-L/gpfs/runtime/opt/intel/2017.0/mkl/lib/intel64] ==> dir [/gpfs/runtime/opt/intel/2017.0/mkl/lib/intel64]
    arg [-L/gpfs/runtime/opt/python/2.7.12/lib] ==> dir [/gpfs/runtime/opt/python/2.7.12/lib]
    arg [-L/usr/lib/gcc/x86_64-redhat-linux/4.8.5/../../..] ==> dir [/usr/lib/gcc/x86_64-redhat-linux/4.8.5/../../..]
    arg [CMakeFiles/cmTC_55d89.dir/CMakeCXXCompilerABI.cpp.o] ==> ignore
    arg [-lstdc++] ==> lib [stdc++]
    arg [-lm] ==> lib [m]
    arg [-lgcc_s] ==> lib [gcc_s]
    arg [-lgcc] ==> lib [gcc]
    arg [-lc] ==> lib [c]
    arg [-lgcc_s] ==> lib [gcc_s]
    arg [-lgcc] ==> lib [gcc]
    arg [/usr/lib/gcc/x86_64-redhat-linux/4.8.5/crtend.o] ==> ignore
    arg [/usr/lib/gcc/x86_64-redhat-linux/4.8.5/../../../../lib64/crtn.o] ==> ignore
  collapse library dir [/usr/lib/gcc/x86_64-redhat-linux/4.8.5] ==> [/usr/lib/gcc/x86_64-redhat-linux/4.8.5]
  collapse library dir [/usr/lib/gcc/x86_64-redhat-linux/4.8.5/../../../../lib64] ==> [/usr/lib64]
  collapse library dir [/lib/../lib64] ==> [/lib64]
  collapse library dir [/usr/lib/../lib64] ==> [/usr/lib64]
  collapse library dir [/gpfs/runtime/opt/boost/1.69/lib] ==> [/gpfs/runtime/opt/boost/1.69/lib]
  collapse library dir [/gpfs/runtime/opt/intel/2017.0/lib/intel64] ==> [/gpfs/runtime/opt/intel/2017.0/lib/intel64]
  collapse library dir [/gpfs/runtime/opt/intel/2017.0/mkl/lib/intel64] ==> [/gpfs/runtime/opt/intel/2017.0/mkl/lib/intel64]
  collapse library dir [/gpfs/runtime/opt/python/2.7.12/lib] ==> [/gpfs/runtime/opt/python/2.7.12/lib]
  collapse library dir [/usr/lib/gcc/x86_64-redhat-linux/4.8.5/../../..] ==> [/usr/lib]
  implicit libs: [stdc++;m;gcc_s;gcc;c;gcc_s;gcc]
  implicit dirs: [/usr/lib/gcc/x86_64-redhat-linux/4.8.5;/usr/lib64;/lib64;/gpfs/runtime/opt/boost/1.69/lib;/gpfs/runtime/opt/intel/2017.0/lib/intel64;/gpfs/runtime/opt/intel/2017.0/mkl/lib/intel64;/gpfs/runtime/opt/python/2.7.12/lib;/usr/lib]
  implicit fwks: []




Detecting CXX [-std=c++1y] compiler features compiled with the following output:
Change Dir: /users/yzhen105/Edge_Based_Reconstruction/build/CMakeFiles/CMakeTmp

Run Build Command(s):/usr/bin/gmake cmTC_09edd/fast && /usr/bin/gmake -f CMakeFiles/cmTC_09edd.dir/build.make CMakeFiles/cmTC_09edd.dir/build
gmake[1]: Entering directory `/oscar/home/yzhen105/Edge_Based_Reconstruction/build/CMakeFiles/CMakeTmp'
Building CXX object CMakeFiles/cmTC_09edd.dir/feature_tests.cxx.o
/usr/bin/c++    -std=c++1y -std=gnu++11 -o CMakeFiles/cmTC_09edd.dir/feature_tests.cxx.o -c /users/yzhen105/Edge_Based_Reconstruction/build/CMakeFiles/feature_tests.cxx
Linking CXX executable cmTC_09edd
/oscar/rt/7.2/opt/cmake/3.15.4/bin/cmake -E cmake_link_script CMakeFiles/cmTC_09edd.dir/link.txt --verbose=1
/usr/bin/c++       CMakeFiles/cmTC_09edd.dir/feature_tests.cxx.o  -o cmTC_09edd 
gmake[1]: Leaving directory `/oscar/home/yzhen105/Edge_Based_Reconstruction/build/CMakeFiles/CMakeTmp'



    Feature record: CXX_FEATURE:1cxx_template_template_parameters
    Feature record: CXX_FEATURE:1cxx_alias_templates
    Feature record: CXX_FEATURE:1cxx_alignas
    Feature record: CXX_FEATURE:1cxx_alignof
    Feature record: CXX_FEATURE:1cxx_attributes
    Feature record: CXX_FEATURE:1cxx_auto_type
    Feature record: CXX_FEATURE:1cxx_constexpr
    Feature record: CXX_FEATURE:1cxx_decltype
    Feature record: CXX_FEATURE:1cxx_decltype_incomplete_return_types
    Feature record: CXX_FEATURE:1cxx_default_function_template_args
    Feature record: CXX_FEATURE:1cxx_defaulted_functions
    Feature record: CXX_FEATURE:1cxx_defaulted_move_initializers
    Feature record: CXX_FEATURE:1cxx_delegating_constructors
    Feature record: CXX_FEATURE:1cxx_deleted_functions
    Feature record: CXX_FEATURE:1cxx_enum_forward_declarations
    Feature record: CXX_FEATURE:1cxx_explicit_conversions
    Feature record: CXX_FEATURE:1cxx_extended_friend_declarations
    Feature record: CXX_FEATURE:1cxx_extern_templates
    Feature record: CXX_FEATURE:1cxx_final
    Feature record: CXX_FEATURE:1cxx_func_identifier
    Feature record: CXX_FEATURE:1cxx_generalized_initializers
    Feature record: CXX_FEATURE:1cxx_inheriting_constructors
    Feature record: CXX_FEATURE:1cxx_inline_namespaces
    Feature record: CXX_FEATURE:1cxx_lambdas
    Feature record: CXX_FEATURE:1cxx_local_type_template_args
    Feature record: CXX_FEATURE:1cxx_long_long_type
    Feature record: CXX_FEATURE:1cxx_noexcept
    Feature record: CXX_FEATURE:1cxx_nonstatic_member_init
    Feature record: CXX_FEATURE:1cxx_nullptr
    Feature record: CXX_FEATURE:1cxx_override
    Feature record: CXX_FEATURE:1cxx_range_for
    Feature record: CXX_FEATURE:1cxx_raw_string_literals
    Feature record: CXX_FEATURE:1cxx_reference_qualified_functions
    Feature record: CXX_FEATURE:1cxx_right_angle_brackets
    Feature record: CXX_FEATURE:1cxx_rvalue_references
    Feature record: CXX_FEATURE:1cxx_sizeof_member
    Feature record: CXX_FEATURE:1cxx_static_assert
    Feature record: CXX_FEATURE:1cxx_strong_enums
    Feature record: CXX_FEATURE:1cxx_thread_local
    Feature record: CXX_FEATURE:1cxx_trailing_return_types
    Feature record: CXX_FEATURE:1cxx_unicode_literals
    Feature record: CXX_FEATURE:1cxx_uniform_initialization
    Feature record: CXX_FEATURE:1cxx_unrestricted_unions
    Feature record: CXX_FEATURE:1cxx_user_literals
    Feature record: CXX_FEATURE:1cxx_variadic_macros
    Feature record: CXX_FEATURE:1cxx_variadic_templates
    Feature record: CXX_FEATURE:0cxx_aggregate_default_initializers
    Feature record: CXX_FEATURE:0cxx_attribute_deprecated
    Feature record: CXX_FEATURE:0cxx_binary_literals
    Feature record: CXX_FEATURE:0cxx_contextual_conversions
    Feature record: CXX_FEATURE:0cxx_decltype_auto
    Feature record: CXX_FEATURE:0cxx_digit_separators
    Feature record: CXX_FEATURE:0cxx_generic_lambdas
    Feature record: CXX_FEATURE:0cxx_lambda_init_captures
    Feature record: CXX_FEATURE:0cxx_relaxed_constexpr
    Feature record: CXX_FEATURE:0cxx_return_type_deduction
    Feature record: CXX_FEATURE:0cxx_variable_templates
Detecting C OpenMP compiler ABI info compiled with the following output:
Change Dir: /users/yzhen105/Edge_Based_Reconstruction/build/CMakeFiles/CMakeTmp

Run Build Command(s):/usr/bin/gmake cmTC_cd44e/fast && /usr/bin/gmake -f CMakeFiles/cmTC_cd44e.dir/build.make CMakeFiles/cmTC_cd44e.dir/build
gmake[1]: Entering directory `/oscar/home/yzhen105/Edge_Based_Reconstruction/build/CMakeFiles/CMakeTmp'
Building C object CMakeFiles/cmTC_cd44e.dir/OpenMPTryFlag.c.o
/usr/bin/cc   -fopenmp -v   -o CMakeFiles/cmTC_cd44e.dir/OpenMPTryFlag.c.o   -c /users/yzhen105/Edge_Based_Reconstruction/build/CMakeFiles/FindOpenMP/OpenMPTryFlag.c
Using built-in specs.
COLLECT_GCC=/usr/bin/cc
Target: x86_64-redhat-linux
Configured with: ../configure --prefix=/usr --mandir=/usr/share/man --infodir=/usr/share/info --with-bugurl=http://bugzilla.redhat.com/bugzilla --enable-bootstrap --enable-shared --enable-threads=posix --enable-checking=release --with-system-zlib --enable-__cxa_atexit --disable-libunwind-exceptions --enable-gnu-unique-object --enable-linker-build-id --with-linker-hash-style=gnu --enable-languages=c,c++,objc,obj-c++,java,fortran,ada,go,lto --enable-plugin --enable-initfini-array --disable-libgcj --with-isl=/builddir/build/BUILD/gcc-4.8.5-20150702/obj-x86_64-redhat-linux/isl-install --with-cloog=/builddir/build/BUILD/gcc-4.8.5-20150702/obj-x86_64-redhat-linux/cloog-install --enable-gnu-indirect-function --with-tune=generic --with-arch_32=x86-64 --build=x86_64-redhat-linux
Thread model: posix
gcc version 4.8.5 20150623 (Red Hat 4.8.5-44) (GCC) 
COLLECT_GCC_OPTIONS='-fopenmp' '-v' '-o' 'CMakeFiles/cmTC_cd44e.dir/OpenMPTryFlag.c.o' '-c' '-mtune=generic' '-march=x86-64' '-pthread'
 /usr/libexec/gcc/x86_64-redhat-linux/4.8.5/cc1 -quiet -v -D_REENTRANT /users/yzhen105/Edge_Based_Reconstruction/build/CMakeFiles/FindOpenMP/OpenMPTryFlag.c -quiet -dumpbase OpenMPTryFlag.c -mtune=generic -march=x86-64 -auxbase-strip CMakeFiles/cmTC_cd44e.dir/OpenMPTryFlag.c.o -version -fopenmp -o /tmp/ccuIf1p3.s
GNU C (GCC) version 4.8.5 20150623 (Red Hat 4.8.5-44) (x86_64-redhat-linux)
	compiled by GNU C version 4.8.5 20150623 (Red Hat 4.8.5-44), GMP version 6.0.0, MPFR version 3.1.1, MPC version 1.0.1
GGC heuristics: --param ggc-min-expand=100 --param ggc-min-heapsize=131072
ignoring nonexistent directory "/usr/lib/gcc/x86_64-redhat-linux/4.8.5/include-fixed"
ignoring nonexistent directory "/usr/lib/gcc/x86_64-redhat-linux/4.8.5/../../../../x86_64-redhat-linux/include"
ignoring duplicate directory "/gpfs/runtime/opt/gcc/10.2/include"
  as it is a non-system directory that duplicates a system directory
#include "..." search starts here:
#include <...> search starts here:
 /gpfs/runtime/opt/eigen/3.3.2/include
 /gpfs/runtime/opt/eigen/3.3.2/include/eigen3/Eigen
 /gpfs/runtime/opt/eigen/3.3.2/include/eigen3/
 /gpfs/runtime/opt/boost/1.69/include
 /gpfs/runtime/opt/intel/2017.0/mkl/include
 /gpfs/runtime/opt/python/2.7.12/include
 /gpfs/runtime/opt/gcc/10.2/include
 /usr/lib/gcc/x86_64-redhat-linux/4.8.5/include
 /usr/local/include
 /usr/include
End of search list.
GNU C (GCC) version 4.8.5 20150623 (Red Hat 4.8.5-44) (x86_64-redhat-linux)
	compiled by GNU C version 4.8.5 20150623 (Red Hat 4.8.5-44), GMP version 6.0.0, MPFR version 3.1.1, MPC version 1.0.1
GGC heuristics: --param ggc-min-expand=100 --param ggc-min-heapsize=131072
Compiler executable checksum: f578243089434e25c47d91ee1154d9e2
COLLECT_GCC_OPTIONS='-fopenmp' '-v' '-o' 'CMakeFiles/cmTC_cd44e.dir/OpenMPTryFlag.c.o' '-c' '-mtune=generic' '-march=x86-64' '-pthread'
 as -v --64 -o CMakeFiles/cmTC_cd44e.dir/OpenMPTryFlag.c.o /tmp/ccuIf1p3.s
GNU assembler version 2.27 (x86_64-redhat-linux) using BFD version version 2.27-44.base.el7_9.1
COMPILER_PATH=/usr/libexec/gcc/x86_64-redhat-linux/4.8.5/:/usr/libexec/gcc/x86_64-redhat-linux/4.8.5/:/usr/libexec/gcc/x86_64-redhat-linux/:/usr/lib/gcc/x86_64-redhat-linux/4.8.5/:/usr/lib/gcc/x86_64-redhat-linux/
LIBRARY_PATH=/usr/lib/gcc/x86_64-redhat-linux/4.8.5/:/usr/lib/gcc/x86_64-redhat-linux/4.8.5/../../../../lib64/:/lib/../lib64/:/usr/lib/../lib64/:/gpfs/runtime/opt/boost/1.69/lib/:/gpfs/runtime/opt/intel/2017.0/lib/intel64/:/gpfs/runtime/opt/intel/2017.0/mkl/lib/intel64/:/gpfs/runtime/opt/python/2.7.12/lib/:/usr/lib/gcc/x86_64-redhat-linux/4.8.5/../../../:/lib/:/usr/lib/
COLLECT_GCC_OPTIONS='-fopenmp' '-v' '-o' 'CMakeFiles/cmTC_cd44e.dir/OpenMPTryFlag.c.o' '-c' '-mtune=generic' '-march=x86-64' '-pthread'
Linking C executable cmTC_cd44e
/oscar/rt/7.2/opt/cmake/3.15.4/bin/cmake -E cmake_link_script CMakeFiles/cmTC_cd44e.dir/link.txt --verbose=1
/usr/bin/cc   -fopenmp -v     CMakeFiles/cmTC_cd44e.dir/OpenMPTryFlag.c.o  -o cmTC_cd44e -v 
Using built-in specs.
COLLECT_GCC=/usr/bin/cc
COLLECT_LTO_WRAPPER=/usr/libexec/gcc/x86_64-redhat-linux/4.8.5/lto-wrapper
Target: x86_64-redhat-linux
Configured with: ../configure --prefix=/usr --mandir=/usr/share/man --infodir=/usr/share/info --with-bugurl=http://bugzilla.redhat.com/bugzilla --enable-bootstrap --enable-shared --enable-threads=posix --enable-checking=release --with-system-zlib --enable-__cxa_atexit --disable-libunwind-exceptions --enable-gnu-unique-object --enable-linker-build-id --with-linker-hash-style=gnu --enable-languages=c,c++,objc,obj-c++,java,fortran,ada,go,lto --enable-plugin --enable-initfini-array --disable-libgcj --with-isl=/builddir/build/BUILD/gcc-4.8.5-20150702/obj-x86_64-redhat-linux/isl-install --with-cloog=/builddir/build/BUILD/gcc-4.8.5-20150702/obj-x86_64-redhat-linux/cloog-install --enable-gnu-indirect-function --with-tune=generic --with-arch_32=x86-64 --build=x86_64-redhat-linux
Thread model: posix
gcc version 4.8.5 20150623 (Red Hat 4.8.5-44) (GCC) 
COMPILER_PATH=/usr/libexec/gcc/x86_64-redhat-linux/4.8.5/:/usr/libexec/gcc/x86_64-redhat-linux/4.8.5/:/usr/libexec/gcc/x86_64-redhat-linux/:/usr/lib/gcc/x86_64-redhat-linux/4.8.5/:/usr/lib/gcc/x86_64-redhat-linux/
LIBRARY_PATH=/usr/lib/gcc/x86_64-redhat-linux/4.8.5/:/usr/lib/gcc/x86_64-redhat-linux/4.8.5/../../../../lib64/:/lib/../lib64/:/usr/lib/../lib64/:/gpfs/runtime/opt/boost/1.69/lib/:/gpfs/runtime/opt/intel/2017.0/lib/intel64/:/gpfs/runtime/opt/intel/2017.0/mkl/lib/intel64/:/gpfs/runtime/opt/python/2.7.12/lib/:/usr/lib/gcc/x86_64-redhat-linux/4.8.5/../../../:/lib/:/usr/lib/
Reading specs from /usr/lib/gcc/x86_64-redhat-linux/4.8.5/libgomp.spec
COLLECT_GCC_OPTIONS='-fopenmp' '-v' '-o' 'cmTC_cd44e' '-v' '-mtune=generic' '-march=x86-64' '-pthread'
 /usr/libexec/gcc/x86_64-redhat-linux/4.8.5/collect2 --build-id --no-add-needed --eh-frame-hdr --hash-style=gnu -m elf_x86_64 -dynamic-linker /lib64/ld-linux-x86-64.so.2 -o cmTC_cd44e /usr/lib/gcc/x86_64-redhat-linux/4.8.5/../../../../lib64/crt1.o /usr/lib/gcc/x86_64-redhat-linux/4.8.5/../../../../lib64/crti.o /usr/lib/gcc/x86_64-redhat-linux/4.8.5/crtbegin.o -L/usr/lib/gcc/x86_64-redhat-linux/4.8.5 -L/usr/lib/gcc/x86_64-redhat-linux/4.8.5/../../../../lib64 -L/lib/../lib64 -L/usr/lib/../lib64 -L/gpfs/runtime/opt/boost/1.69/lib -L/gpfs/runtime/opt/intel/2017.0/lib/intel64 -L/gpfs/runtime/opt/intel/2017.0/mkl/lib/intel64 -L/gpfs/runtime/opt/python/2.7.12/lib -L/usr/lib/gcc/x86_64-redhat-linux/4.8.5/../../.. CMakeFiles/cmTC_cd44e.dir/OpenMPTryFlag.c.o -lgomp -lgcc --as-needed -lgcc_s --no-as-needed -lpthread -lc -lgcc --as-needed -lgcc_s --no-as-needed /usr/lib/gcc/x86_64-redhat-linux/4.8.5/crtend.o /usr/lib/gcc/x86_64-redhat-linux/4.8.5/../../../../lib64/crtn.o
gmake[1]: Leaving directory `/oscar/home/yzhen105/Edge_Based_Reconstruction/build/CMakeFiles/CMakeTmp'



Parsed C OpenMP implicit link information from above output:
  link line regex: [^( *|.*[/\])(ld|CMAKE_LINK_STARTFILE-NOTFOUND|([^/\]+-)?ld|collect2)[^/\]*( |$)]
  ignore line: [Change Dir: /users/yzhen105/Edge_Based_Reconstruction/build/CMakeFiles/CMakeTmp]
  ignore line: []
  ignore line: [Run Build Command(s):/usr/bin/gmake cmTC_cd44e/fast && /usr/bin/gmake -f CMakeFiles/cmTC_cd44e.dir/build.make CMakeFiles/cmTC_cd44e.dir/build]
  ignore line: [gmake[1]: Entering directory `/oscar/home/yzhen105/Edge_Based_Reconstruction/build/CMakeFiles/CMakeTmp']
  ignore line: [Building C object CMakeFiles/cmTC_cd44e.dir/OpenMPTryFlag.c.o]
  ignore line: [/usr/bin/cc   -fopenmp -v   -o CMakeFiles/cmTC_cd44e.dir/OpenMPTryFlag.c.o   -c /users/yzhen105/Edge_Based_Reconstruction/build/CMakeFiles/FindOpenMP/OpenMPTryFlag.c]
  ignore line: [Using built-in specs.]
  ignore line: [COLLECT_GCC=/usr/bin/cc]
  ignore line: [Target: x86_64-redhat-linux]
  ignore line: [Configured with: ../configure --prefix=/usr --mandir=/usr/share/man --infodir=/usr/share/info --with-bugurl=http://bugzilla.redhat.com/bugzilla --enable-bootstrap --enable-shared --enable-threads=posix --enable-checking=release --with-system-zlib --enable-__cxa_atexit --disable-libunwind-exceptions --enable-gnu-unique-object --enable-linker-build-id --with-linker-hash-style=gnu --enable-languages=c,c++,objc,obj-c++,java,fortran,ada,go,lto --enable-plugin --enable-initfini-array --disable-libgcj --with-isl=/builddir/build/BUILD/gcc-4.8.5-20150702/obj-x86_64-redhat-linux/isl-install --with-cloog=/builddir/build/BUILD/gcc-4.8.5-20150702/obj-x86_64-redhat-linux/cloog-install --enable-gnu-indirect-function --with-tune=generic --with-arch_32=x86-64 --build=x86_64-redhat-linux]
  ignore line: [Thread model: posix]
  ignore line: [gcc version 4.8.5 20150623 (Red Hat 4.8.5-44) (GCC) ]
  ignore line: [COLLECT_GCC_OPTIONS='-fopenmp' '-v' '-o' 'CMakeFiles/cmTC_cd44e.dir/OpenMPTryFlag.c.o' '-c' '-mtune=generic' '-march=x86-64' '-pthread']
  ignore line: [ /usr/libexec/gcc/x86_64-redhat-linux/4.8.5/cc1 -quiet -v -D_REENTRANT /users/yzhen105/Edge_Based_Reconstruction/build/CMakeFiles/FindOpenMP/OpenMPTryFlag.c -quiet -dumpbase OpenMPTryFlag.c -mtune=generic -march=x86-64 -auxbase-strip CMakeFiles/cmTC_cd44e.dir/OpenMPTryFlag.c.o -version -fopenmp -o /tmp/ccuIf1p3.s]
  ignore line: [GNU C (GCC) version 4.8.5 20150623 (Red Hat 4.8.5-44) (x86_64-redhat-linux)]
  ignore line: [	compiled by GNU C version 4.8.5 20150623 (Red Hat 4.8.5-44), GMP version 6.0.0, MPFR version 3.1.1, MPC version 1.0.1]
  ignore line: [GGC heuristics: --param ggc-min-expand=100 --param ggc-min-heapsize=131072]
  ignore line: [ignoring nonexistent directory "/usr/lib/gcc/x86_64-redhat-linux/4.8.5/include-fixed"]
  ignore line: [ignoring nonexistent directory "/usr/lib/gcc/x86_64-redhat-linux/4.8.5/../../../../x86_64-redhat-linux/include"]
  ignore line: [ignoring duplicate directory "/gpfs/runtime/opt/gcc/10.2/include"]
  ignore line: [  as it is a non-system directory that duplicates a system directory]
  ignore line: [#include "..." search starts here:]
  ignore line: [#include <...> search starts here:]
  ignore line: [ /gpfs/runtime/opt/eigen/3.3.2/include]
  ignore line: [ /gpfs/runtime/opt/eigen/3.3.2/include/eigen3/Eigen]
  ignore line: [ /gpfs/runtime/opt/eigen/3.3.2/include/eigen3/]
  ignore line: [ /gpfs/runtime/opt/boost/1.69/include]
  ignore line: [ /gpfs/runtime/opt/intel/2017.0/mkl/include]
  ignore line: [ /gpfs/runtime/opt/python/2.7.12/include]
  ignore line: [ /gpfs/runtime/opt/gcc/10.2/include]
  ignore line: [ /usr/lib/gcc/x86_64-redhat-linux/4.8.5/include]
  ignore line: [ /usr/local/include]
  ignore line: [ /usr/include]
  ignore line: [End of search list.]
  ignore line: [GNU C (GCC) version 4.8.5 20150623 (Red Hat 4.8.5-44) (x86_64-redhat-linux)]
  ignore line: [	compiled by GNU C version 4.8.5 20150623 (Red Hat 4.8.5-44), GMP version 6.0.0, MPFR version 3.1.1, MPC version 1.0.1]
  ignore line: [GGC heuristics: --param ggc-min-expand=100 --param ggc-min-heapsize=131072]
  ignore line: [Compiler executable checksum: f578243089434e25c47d91ee1154d9e2]
  ignore line: [COLLECT_GCC_OPTIONS='-fopenmp' '-v' '-o' 'CMakeFiles/cmTC_cd44e.dir/OpenMPTryFlag.c.o' '-c' '-mtune=generic' '-march=x86-64' '-pthread']
  ignore line: [ as -v --64 -o CMakeFiles/cmTC_cd44e.dir/OpenMPTryFlag.c.o /tmp/ccuIf1p3.s]
  ignore line: [GNU assembler version 2.27 (x86_64-redhat-linux) using BFD version version 2.27-44.base.el7_9.1]
  ignore line: [COMPILER_PATH=/usr/libexec/gcc/x86_64-redhat-linux/4.8.5/:/usr/libexec/gcc/x86_64-redhat-linux/4.8.5/:/usr/libexec/gcc/x86_64-redhat-linux/:/usr/lib/gcc/x86_64-redhat-linux/4.8.5/:/usr/lib/gcc/x86_64-redhat-linux/]
  ignore line: [LIBRARY_PATH=/usr/lib/gcc/x86_64-redhat-linux/4.8.5/:/usr/lib/gcc/x86_64-redhat-linux/4.8.5/../../../../lib64/:/lib/../lib64/:/usr/lib/../lib64/:/gpfs/runtime/opt/boost/1.69/lib/:/gpfs/runtime/opt/intel/2017.0/lib/intel64/:/gpfs/runtime/opt/intel/2017.0/mkl/lib/intel64/:/gpfs/runtime/opt/python/2.7.12/lib/:/usr/lib/gcc/x86_64-redhat-linux/4.8.5/../../../:/lib/:/usr/lib/]
  ignore line: [COLLECT_GCC_OPTIONS='-fopenmp' '-v' '-o' 'CMakeFiles/cmTC_cd44e.dir/OpenMPTryFlag.c.o' '-c' '-mtune=generic' '-march=x86-64' '-pthread']
  ignore line: [Linking C executable cmTC_cd44e]
  ignore line: [/oscar/rt/7.2/opt/cmake/3.15.4/bin/cmake -E cmake_link_script CMakeFiles/cmTC_cd44e.dir/link.txt --verbose=1]
  ignore line: [/usr/bin/cc   -fopenmp -v     CMakeFiles/cmTC_cd44e.dir/OpenMPTryFlag.c.o  -o cmTC_cd44e -v ]
  ignore line: [Using built-in specs.]
  ignore line: [COLLECT_GCC=/usr/bin/cc]
  ignore line: [COLLECT_LTO_WRAPPER=/usr/libexec/gcc/x86_64-redhat-linux/4.8.5/lto-wrapper]
  ignore line: [Target: x86_64-redhat-linux]
  ignore line: [Configured with: ../configure --prefix=/usr --mandir=/usr/share/man --infodir=/usr/share/info --with-bugurl=http://bugzilla.redhat.com/bugzilla --enable-bootstrap --enable-shared --enable-threads=posix --enable-checking=release --with-system-zlib --enable-__cxa_atexit --disable-libunwind-exceptions --enable-gnu-unique-object --enable-linker-build-id --with-linker-hash-style=gnu --enable-languages=c,c++,objc,obj-c++,java,fortran,ada,go,lto --enable-plugin --enable-initfini-array --disable-libgcj --with-isl=/builddir/build/BUILD/gcc-4.8.5-20150702/obj-x86_64-redhat-linux/isl-install --with-cloog=/builddir/build/BUILD/gcc-4.8.5-20150702/obj-x86_64-redhat-linux/cloog-install --enable-gnu-indirect-function --with-tune=generic --with-arch_32=x86-64 --build=x86_64-redhat-linux]
  ignore line: [Thread model: posix]
  ignore line: [gcc version 4.8.5 20150623 (Red Hat 4.8.5-44) (GCC) ]
  ignore line: [COMPILER_PATH=/usr/libexec/gcc/x86_64-redhat-linux/4.8.5/:/usr/libexec/gcc/x86_64-redhat-linux/4.8.5/:/usr/libexec/gcc/x86_64-redhat-linux/:/usr/lib/gcc/x86_64-redhat-linux/4.8.5/:/usr/lib/gcc/x86_64-redhat-linux/]
  ignore line: [LIBRARY_PATH=/usr/lib/gcc/x86_64-redhat-linux/4.8.5/:/usr/lib/gcc/x86_64-redhat-linux/4.8.5/../../../../lib64/:/lib/../lib64/:/usr/lib/../lib64/:/gpfs/runtime/opt/boost/1.69/lib/:/gpfs/runtime/opt/intel/2017.0/lib/intel64/:/gpfs/runtime/opt/intel/2017.0/mkl/lib/intel64/:/gpfs/runtime/opt/python/2.7.12/lib/:/usr/lib/gcc/x86_64-redhat-linux/4.8.5/../../../:/lib/:/usr/lib/]
  ignore line: [Reading specs from /usr/lib/gcc/x86_64-redhat-linux/4.8.5/libgomp.spec]
  ignore line: [COLLECT_GCC_OPTIONS='-fopenmp' '-v' '-o' 'cmTC_cd44e' '-v' '-mtune=generic' '-march=x86-64' '-pthread']
  link line: [ /usr/libexec/gcc/x86_64-redhat-linux/4.8.5/collect2 --build-id --no-add-needed --eh-frame-hdr --hash-style=gnu -m elf_x86_64 -dynamic-linker /lib64/ld-linux-x86-64.so.2 -o cmTC_cd44e /usr/lib/gcc/x86_64-redhat-linux/4.8.5/../../../../lib64/crt1.o /usr/lib/gcc/x86_64-redhat-linux/4.8.5/../../../../lib64/crti.o /usr/lib/gcc/x86_64-redhat-linux/4.8.5/crtbegin.o -L/usr/lib/gcc/x86_64-redhat-linux/4.8.5 -L/usr/lib/gcc/x86_64-redhat-linux/4.8.5/../../../../lib64 -L/lib/../lib64 -L/usr/lib/../lib64 -L/gpfs/runtime/opt/boost/1.69/lib -L/gpfs/runtime/opt/intel/2017.0/lib/intel64 -L/gpfs/runtime/opt/intel/2017.0/mkl/lib/intel64 -L/gpfs/runtime/opt/python/2.7.12/lib -L/usr/lib/gcc/x86_64-redhat-linux/4.8.5/../../.. CMakeFiles/cmTC_cd44e.dir/OpenMPTryFlag.c.o -lgomp -lgcc --as-needed -lgcc_s --no-as-needed -lpthread -lc -lgcc --as-needed -lgcc_s --no-as-needed /usr/lib/gcc/x86_64-redhat-linux/4.8.5/crtend.o /usr/lib/gcc/x86_64-redhat-linux/4.8.5/../../../../lib64/crtn.o]
    arg [/usr/libexec/gcc/x86_64-redhat-linux/4.8.5/collect2] ==> ignore
    arg [--build-id] ==> ignore
    arg [--no-add-needed] ==> ignore
    arg [--eh-frame-hdr] ==> ignore
    arg [--hash-style=gnu] ==> ignore
    arg [-m] ==> ignore
    arg [elf_x86_64] ==> ignore
    arg [-dynamic-linker] ==> ignore
    arg [/lib64/ld-linux-x86-64.so.2] ==> ignore
    arg [-o] ==> ignore
    arg [cmTC_cd44e] ==> ignore
    arg [/usr/lib/gcc/x86_64-redhat-linux/4.8.5/../../../../lib64/crt1.o] ==> ignore
    arg [/usr/lib/gcc/x86_64-redhat-linux/4.8.5/../../../../lib64/crti.o] ==> ignore
    arg [/usr/lib/gcc/x86_64-redhat-linux/4.8.5/crtbegin.o] ==> ignore
    arg [-L/usr/lib/gcc/x86_64-redhat-linux/4.8.5] ==> dir [/usr/lib/gcc/x86_64-redhat-linux/4.8.5]
    arg [-L/usr/lib/gcc/x86_64-redhat-linux/4.8.5/../../../../lib64] ==> dir [/usr/lib/gcc/x86_64-redhat-linux/4.8.5/../../../../lib64]
    arg [-L/lib/../lib64] ==> dir [/lib/../lib64]
    arg [-L/usr/lib/../lib64] ==> dir [/usr/lib/../lib64]
    arg [-L/gpfs/runtime/opt/boost/1.69/lib] ==> dir [/gpfs/runtime/opt/boost/1.69/lib]
    arg [-L/gpfs/runtime/opt/intel/2017.0/lib/intel64] ==> dir [/gpfs/runtime/opt/intel/2017.0/lib/intel64]
    arg [-L/gpfs/runtime/opt/intel/2017.0/mkl/lib/intel64] ==> dir [/gpfs/runtime/opt/intel/2017.0/mkl/lib/intel64]
    arg [-L/gpfs/runtime/opt/python/2.7.12/lib] ==> dir [/gpfs/runtime/opt/python/2.7.12/lib]
    arg [-L/usr/lib/gcc/x86_64-redhat-linux/4.8.5/../../..] ==> dir [/usr/lib/gcc/x86_64-redhat-linux/4.8.5/../../..]
    arg [CMakeFiles/cmTC_cd44e.dir/OpenMPTryFlag.c.o] ==> ignore
    arg [-lgomp] ==> lib [gomp]
    arg [-lgcc] ==> lib [gcc]
    arg [--as-needed] ==> ignore
    arg [-lgcc_s] ==> lib [gcc_s]
    arg [--no-as-needed] ==> ignore
    arg [-lpthread] ==> lib [pthread]
    arg [-lc] ==> lib [c]
    arg [-lgcc] ==> lib [gcc]
    arg [--as-needed] ==> ignore
    arg [-lgcc_s] ==> lib [gcc_s]
    arg [--no-as-needed] ==> ignore
    arg [/usr/lib/gcc/x86_64-redhat-linux/4.8.5/crtend.o] ==> ignore
    arg [/usr/lib/gcc/x86_64-redhat-linux/4.8.5/../../../../lib64/crtn.o] ==> ignore
  collapse library dir [/usr/lib/gcc/x86_64-redhat-linux/4.8.5] ==> [/usr/lib/gcc/x86_64-redhat-linux/4.8.5]
  collapse library dir [/usr/lib/gcc/x86_64-redhat-linux/4.8.5/../../../../lib64] ==> [/usr/lib64]
  collapse library dir [/lib/../lib64] ==> [/lib64]
  collapse library dir [/usr/lib/../lib64] ==> [/usr/lib64]
  collapse library dir [/gpfs/runtime/opt/boost/1.69/lib] ==> [/gpfs/runtime/opt/boost/1.69/lib]
  collapse library dir [/gpfs/runtime/opt/intel/2017.0/lib/intel64] ==> [/gpfs/runtime/opt/intel/2017.0/lib/intel64]
  collapse library dir [/gpfs/runtime/opt/intel/2017.0/mkl/lib/intel64] ==> [/gpfs/runtime/opt/intel/2017.0/mkl/lib/intel64]
  collapse library dir [/gpfs/runtime/opt/python/2.7.12/lib] ==> [/gpfs/runtime/opt/python/2.7.12/lib]
  collapse library dir [/usr/lib/gcc/x86_64-redhat-linux/4.8.5/../../..] ==> [/usr/lib]
  implicit libs: [gomp;gcc;gcc_s;pthread;c;gcc;gcc_s]
  implicit dirs: [/usr/lib/gcc/x86_64-redhat-linux/4.8.5;/usr/lib64;/lib64;/gpfs/runtime/opt/boost/1.69/lib;/gpfs/runtime/opt/intel/2017.0/lib/intel64;/gpfs/runtime/opt/intel/2017.0/mkl/lib/intel64;/gpfs/runtime/opt/python/2.7.12/lib;/usr/lib]
  implicit fwks: []


Detecting CXX OpenMP compiler ABI info compiled with the following output:
Change Dir: /users/yzhen105/Edge_Based_Reconstruction/build/CMakeFiles/CMakeTmp

Run Build Command(s):/usr/bin/gmake cmTC_310c4/fast && /usr/bin/gmake -f CMakeFiles/cmTC_310c4.dir/build.make CMakeFiles/cmTC_310c4.dir/build
gmake[1]: Entering directory `/oscar/home/yzhen105/Edge_Based_Reconstruction/build/CMakeFiles/CMakeTmp'
Building CXX object CMakeFiles/cmTC_310c4.dir/OpenMPTryFlag.cpp.o
/usr/bin/c++    -fopenmp -v   -std=gnu++11 -o CMakeFiles/cmTC_310c4.dir/OpenMPTryFlag.cpp.o -c /users/yzhen105/Edge_Based_Reconstruction/build/CMakeFiles/FindOpenMP/OpenMPTryFlag.cpp
Using built-in specs.
COLLECT_GCC=/usr/bin/c++
Target: x86_64-redhat-linux
Configured with: ../configure --prefix=/usr --mandir=/usr/share/man --infodir=/usr/share/info --with-bugurl=http://bugzilla.redhat.com/bugzilla --enable-bootstrap --enable-shared --enable-threads=posix --enable-checking=release --with-system-zlib --enable-__cxa_atexit --disable-libunwind-exceptions --enable-gnu-unique-object --enable-linker-build-id --with-linker-hash-style=gnu --enable-languages=c,c++,objc,obj-c++,java,fortran,ada,go,lto --enable-plugin --enable-initfini-array --disable-libgcj --with-isl=/builddir/build/BUILD/gcc-4.8.5-20150702/obj-x86_64-redhat-linux/isl-install --with-cloog=/builddir/build/BUILD/gcc-4.8.5-20150702/obj-x86_64-redhat-linux/cloog-install --enable-gnu-indirect-function --with-tune=generic --with-arch_32=x86-64 --build=x86_64-redhat-linux
Thread model: posix
gcc version 4.8.5 20150623 (Red Hat 4.8.5-44) (GCC) 
COLLECT_GCC_OPTIONS='-fopenmp' '-v' '-std=gnu++11' '-o' 'CMakeFiles/cmTC_310c4.dir/OpenMPTryFlag.cpp.o' '-c' '-shared-libgcc' '-mtune=generic' '-march=x86-64' '-pthread'
 /usr/libexec/gcc/x86_64-redhat-linux/4.8.5/cc1plus -quiet -v -D_GNU_SOURCE -D_REENTRANT /users/yzhen105/Edge_Based_Reconstruction/build/CMakeFiles/FindOpenMP/OpenMPTryFlag.cpp -quiet -dumpbase OpenMPTryFlag.cpp -mtune=generic -march=x86-64 -auxbase-strip CMakeFiles/cmTC_310c4.dir/OpenMPTryFlag.cpp.o -std=gnu++11 -version -fopenmp -o /tmp/cc1Uzxol.s
GNU C++ (GCC) version 4.8.5 20150623 (Red Hat 4.8.5-44) (x86_64-redhat-linux)
	compiled by GNU C version 4.8.5 20150623 (Red Hat 4.8.5-44), GMP version 6.0.0, MPFR version 3.1.1, MPC version 1.0.1
GGC heuristics: --param ggc-min-expand=100 --param ggc-min-heapsize=131072
ignoring nonexistent directory "/usr/lib/gcc/x86_64-redhat-linux/4.8.5/include-fixed"
ignoring nonexistent directory "/usr/lib/gcc/x86_64-redhat-linux/4.8.5/../../../../x86_64-redhat-linux/include"
ignoring duplicate directory "/gpfs/runtime/opt/eigen/3.3.2/include"
  as it is a non-system directory that duplicates a system directory
ignoring duplicate directory "/gpfs/runtime/opt/eigen/3.3.2/include/eigen3/Eigen"
  as it is a non-system directory that duplicates a system directory
ignoring duplicate directory "/gpfs/runtime/opt/eigen/3.3.2/include/eigen3/"
  as it is a non-system directory that duplicates a system directory
ignoring duplicate directory "/gpfs/runtime/opt/gcc/10.2/include"
  as it is a non-system directory that duplicates a system directory
#include "..." search starts here:
#include <...> search starts here:
 /gpfs/runtime/opt/boost/1.69/include
 /gpfs/runtime/opt/intel/2017.0/mkl/include
 /gpfs/runtime/opt/python/2.7.12/include
 /gpfs/runtime/opt/eigen/3.3.2/include
 /gpfs/runtime/opt/eigen/3.3.2/include/eigen3/Eigen
 /gpfs/runtime/opt/eigen/3.3.2/include/eigen3/
 /gpfs/runtime/opt/gcc/10.2/include
 /usr/lib/gcc/x86_64-redhat-linux/4.8.5/../../../../include/c++/4.8.5
 /usr/lib/gcc/x86_64-redhat-linux/4.8.5/../../../../include/c++/4.8.5/x86_64-redhat-linux
 /usr/lib/gcc/x86_64-redhat-linux/4.8.5/../../../../include/c++/4.8.5/backward
 /usr/lib/gcc/x86_64-redhat-linux/4.8.5/include
 /usr/local/include
 /usr/include
End of search list.
GNU C++ (GCC) version 4.8.5 20150623 (Red Hat 4.8.5-44) (x86_64-redhat-linux)
	compiled by GNU C version 4.8.5 20150623 (Red Hat 4.8.5-44), GMP version 6.0.0, MPFR version 3.1.1, MPC version 1.0.1
GGC heuristics: --param ggc-min-expand=100 --param ggc-min-heapsize=131072
Compiler executable checksum: 870b38fd8ce6d67c02dcc3b6efdbe63d
COLLECT_GCC_OPTIONS='-fopenmp' '-v' '-std=gnu++11' '-o' 'CMakeFiles/cmTC_310c4.dir/OpenMPTryFlag.cpp.o' '-c' '-shared-libgcc' '-mtune=generic' '-march=x86-64' '-pthread'
 as -v --64 -o CMakeFiles/cmTC_310c4.dir/OpenMPTryFlag.cpp.o /tmp/cc1Uzxol.s
GNU assembler version 2.27 (x86_64-redhat-linux) using BFD version version 2.27-44.base.el7_9.1
COMPILER_PATH=/usr/libexec/gcc/x86_64-redhat-linux/4.8.5/:/usr/libexec/gcc/x86_64-redhat-linux/4.8.5/:/usr/libexec/gcc/x86_64-redhat-linux/:/usr/lib/gcc/x86_64-redhat-linux/4.8.5/:/usr/lib/gcc/x86_64-redhat-linux/
LIBRARY_PATH=/usr/lib/gcc/x86_64-redhat-linux/4.8.5/:/usr/lib/gcc/x86_64-redhat-linux/4.8.5/../../../../lib64/:/lib/../lib64/:/usr/lib/../lib64/:/gpfs/runtime/opt/boost/1.69/lib/:/gpfs/runtime/opt/intel/2017.0/lib/intel64/:/gpfs/runtime/opt/intel/2017.0/mkl/lib/intel64/:/gpfs/runtime/opt/python/2.7.12/lib/:/usr/lib/gcc/x86_64-redhat-linux/4.8.5/../../../:/lib/:/usr/lib/
COLLECT_GCC_OPTIONS='-fopenmp' '-v' '-std=gnu++11' '-o' 'CMakeFiles/cmTC_310c4.dir/OpenMPTryFlag.cpp.o' '-c' '-shared-libgcc' '-mtune=generic' '-march=x86-64' '-pthread'
Linking CXX executable cmTC_310c4
/oscar/rt/7.2/opt/cmake/3.15.4/bin/cmake -E cmake_link_script CMakeFiles/cmTC_310c4.dir/link.txt --verbose=1
/usr/bin/c++    -fopenmp -v     CMakeFiles/cmTC_310c4.dir/OpenMPTryFlag.cpp.o  -o cmTC_310c4 -v 
Using built-in specs.
COLLECT_GCC=/usr/bin/c++
COLLECT_LTO_WRAPPER=/usr/libexec/gcc/x86_64-redhat-linux/4.8.5/lto-wrapper
Target: x86_64-redhat-linux
Configured with: ../configure --prefix=/usr --mandir=/usr/share/man --infodir=/usr/share/info --with-bugurl=http://bugzilla.redhat.com/bugzilla --enable-bootstrap --enable-shared --enable-threads=posix --enable-checking=release --with-system-zlib --enable-__cxa_atexit --disable-libunwind-exceptions --enable-gnu-unique-object --enable-linker-build-id --with-linker-hash-style=gnu --enable-languages=c,c++,objc,obj-c++,java,fortran,ada,go,lto --enable-plugin --enable-initfini-array --disable-libgcj --with-isl=/builddir/build/BUILD/gcc-4.8.5-20150702/obj-x86_64-redhat-linux/isl-install --with-cloog=/builddir/build/BUILD/gcc-4.8.5-20150702/obj-x86_64-redhat-linux/cloog-install --enable-gnu-indirect-function --with-tune=generic --with-arch_32=x86-64 --build=x86_64-redhat-linux
Thread model: posix
gcc version 4.8.5 20150623 (Red Hat 4.8.5-44) (GCC) 
COMPILER_PATH=/usr/libexec/gcc/x86_64-redhat-linux/4.8.5/:/usr/libexec/gcc/x86_64-redhat-linux/4.8.5/:/usr/libexec/gcc/x86_64-redhat-linux/:/usr/lib/gcc/x86_64-redhat-linux/4.8.5/:/usr/lib/gcc/x86_64-redhat-linux/
LIBRARY_PATH=/usr/lib/gcc/x86_64-redhat-linux/4.8.5/:/usr/lib/gcc/x86_64-redhat-linux/4.8.5/../../../../lib64/:/lib/../lib64/:/usr/lib/../lib64/:/gpfs/runtime/opt/boost/1.69/lib/:/gpfs/runtime/opt/intel/2017.0/lib/intel64/:/gpfs/runtime/opt/intel/2017.0/mkl/lib/intel64/:/gpfs/runtime/opt/python/2.7.12/lib/:/usr/lib/gcc/x86_64-redhat-linux/4.8.5/../../../:/lib/:/usr/lib/
Reading specs from /usr/lib/gcc/x86_64-redhat-linux/4.8.5/libgomp.spec
COLLECT_GCC_OPTIONS='-fopenmp' '-v' '-o' 'cmTC_310c4' '-v' '-shared-libgcc' '-mtune=generic' '-march=x86-64' '-pthread'
 /usr/libexec/gcc/x86_64-redhat-linux/4.8.5/collect2 --build-id --no-add-needed --eh-frame-hdr --hash-style=gnu -m elf_x86_64 -dynamic-linker /lib64/ld-linux-x86-64.so.2 -o cmTC_310c4 /usr/lib/gcc/x86_64-redhat-linux/4.8.5/../../../../lib64/crt1.o /usr/lib/gcc/x86_64-redhat-linux/4.8.5/../../../../lib64/crti.o /usr/lib/gcc/x86_64-redhat-linux/4.8.5/crtbegin.o -L/usr/lib/gcc/x86_64-redhat-linux/4.8.5 -L/usr/lib/gcc/x86_64-redhat-linux/4.8.5/../../../../lib64 -L/lib/../lib64 -L/usr/lib/../lib64 -L/gpfs/runtime/opt/boost/1.69/lib -L/gpfs/runtime/opt/intel/2017.0/lib/intel64 -L/gpfs/runtime/opt/intel/2017.0/mkl/lib/intel64 -L/gpfs/runtime/opt/python/2.7.12/lib -L/usr/lib/gcc/x86_64-redhat-linux/4.8.5/../../.. CMakeFiles/cmTC_310c4.dir/OpenMPTryFlag.cpp.o -lstdc++ -lm -lgomp -lgcc_s -lgcc -lpthread -lc -lgcc_s -lgcc /usr/lib/gcc/x86_64-redhat-linux/4.8.5/crtend.o /usr/lib/gcc/x86_64-redhat-linux/4.8.5/../../../../lib64/crtn.o
gmake[1]: Leaving directory `/oscar/home/yzhen105/Edge_Based_Reconstruction/build/CMakeFiles/CMakeTmp'



Parsed CXX OpenMP implicit link information from above output:
  link line regex: [^( *|.*[/\])(ld|CMAKE_LINK_STARTFILE-NOTFOUND|([^/\]+-)?ld|collect2)[^/\]*( |$)]
  ignore line: [Change Dir: /users/yzhen105/Edge_Based_Reconstruction/build/CMakeFiles/CMakeTmp]
  ignore line: []
  ignore line: [Run Build Command(s):/usr/bin/gmake cmTC_310c4/fast && /usr/bin/gmake -f CMakeFiles/cmTC_310c4.dir/build.make CMakeFiles/cmTC_310c4.dir/build]
  ignore line: [gmake[1]: Entering directory `/oscar/home/yzhen105/Edge_Based_Reconstruction/build/CMakeFiles/CMakeTmp']
  ignore line: [Building CXX object CMakeFiles/cmTC_310c4.dir/OpenMPTryFlag.cpp.o]
  ignore line: [/usr/bin/c++    -fopenmp -v   -std=gnu++11 -o CMakeFiles/cmTC_310c4.dir/OpenMPTryFlag.cpp.o -c /users/yzhen105/Edge_Based_Reconstruction/build/CMakeFiles/FindOpenMP/OpenMPTryFlag.cpp]
  ignore line: [Using built-in specs.]
  ignore line: [COLLECT_GCC=/usr/bin/c++]
  ignore line: [Target: x86_64-redhat-linux]
  ignore line: [Configured with: ../configure --prefix=/usr --mandir=/usr/share/man --infodir=/usr/share/info --with-bugurl=http://bugzilla.redhat.com/bugzilla --enable-bootstrap --enable-shared --enable-threads=posix --enable-checking=release --with-system-zlib --enable-__cxa_atexit --disable-libunwind-exceptions --enable-gnu-unique-object --enable-linker-build-id --with-linker-hash-style=gnu --enable-languages=c,c++,objc,obj-c++,java,fortran,ada,go,lto --enable-plugin --enable-initfini-array --disable-libgcj --with-isl=/builddir/build/BUILD/gcc-4.8.5-20150702/obj-x86_64-redhat-linux/isl-install --with-cloog=/builddir/build/BUILD/gcc-4.8.5-20150702/obj-x86_64-redhat-linux/cloog-install --enable-gnu-indirect-function --with-tune=generic --with-arch_32=x86-64 --build=x86_64-redhat-linux]
  ignore line: [Thread model: posix]
  ignore line: [gcc version 4.8.5 20150623 (Red Hat 4.8.5-44) (GCC) ]
  ignore line: [COLLECT_GCC_OPTIONS='-fopenmp' '-v' '-std=gnu++11' '-o' 'CMakeFiles/cmTC_310c4.dir/OpenMPTryFlag.cpp.o' '-c' '-shared-libgcc' '-mtune=generic' '-march=x86-64' '-pthread']
  ignore line: [ /usr/libexec/gcc/x86_64-redhat-linux/4.8.5/cc1plus -quiet -v -D_GNU_SOURCE -D_REENTRANT /users/yzhen105/Edge_Based_Reconstruction/build/CMakeFiles/FindOpenMP/OpenMPTryFlag.cpp -quiet -dumpbase OpenMPTryFlag.cpp -mtune=generic -march=x86-64 -auxbase-strip CMakeFiles/cmTC_310c4.dir/OpenMPTryFlag.cpp.o -std=gnu++11 -version -fopenmp -o /tmp/cc1Uzxol.s]
  ignore line: [GNU C++ (GCC) version 4.8.5 20150623 (Red Hat 4.8.5-44) (x86_64-redhat-linux)]
  ignore line: [	compiled by GNU C version 4.8.5 20150623 (Red Hat 4.8.5-44), GMP version 6.0.0, MPFR version 3.1.1, MPC version 1.0.1]
  ignore line: [GGC heuristics: --param ggc-min-expand=100 --param ggc-min-heapsize=131072]
  ignore line: [ignoring nonexistent directory "/usr/lib/gcc/x86_64-redhat-linux/4.8.5/include-fixed"]
  ignore line: [ignoring nonexistent directory "/usr/lib/gcc/x86_64-redhat-linux/4.8.5/../../../../x86_64-redhat-linux/include"]
  ignore line: [ignoring duplicate directory "/gpfs/runtime/opt/eigen/3.3.2/include"]
  ignore line: [  as it is a non-system directory that duplicates a system directory]
  ignore line: [ignoring duplicate directory "/gpfs/runtime/opt/eigen/3.3.2/include/eigen3/Eigen"]
  ignore line: [  as it is a non-system directory that duplicates a system directory]
  ignore line: [ignoring duplicate directory "/gpfs/runtime/opt/eigen/3.3.2/include/eigen3/"]
  ignore line: [  as it is a non-system directory that duplicates a system directory]
  ignore line: [ignoring duplicate directory "/gpfs/runtime/opt/gcc/10.2/include"]
  ignore line: [  as it is a non-system directory that duplicates a system directory]
  ignore line: [#include "..." search starts here:]
  ignore line: [#include <...> search starts here:]
  ignore line: [ /gpfs/runtime/opt/boost/1.69/include]
  ignore line: [ /gpfs/runtime/opt/intel/2017.0/mkl/include]
  ignore line: [ /gpfs/runtime/opt/python/2.7.12/include]
  ignore line: [ /gpfs/runtime/opt/eigen/3.3.2/include]
  ignore line: [ /gpfs/runtime/opt/eigen/3.3.2/include/eigen3/Eigen]
  ignore line: [ /gpfs/runtime/opt/eigen/3.3.2/include/eigen3/]
  ignore line: [ /gpfs/runtime/opt/gcc/10.2/include]
  ignore line: [ /usr/lib/gcc/x86_64-redhat-linux/4.8.5/../../../../include/c++/4.8.5]
  ignore line: [ /usr/lib/gcc/x86_64-redhat-linux/4.8.5/../../../../include/c++/4.8.5/x86_64-redhat-linux]
  ignore line: [ /usr/lib/gcc/x86_64-redhat-linux/4.8.5/../../../../include/c++/4.8.5/backward]
  ignore line: [ /usr/lib/gcc/x86_64-redhat-linux/4.8.5/include]
  ignore line: [ /usr/local/include]
  ignore line: [ /usr/include]
  ignore line: [End of search list.]
  ignore line: [GNU C++ (GCC) version 4.8.5 20150623 (Red Hat 4.8.5-44) (x86_64-redhat-linux)]
  ignore line: [	compiled by GNU C version 4.8.5 20150623 (Red Hat 4.8.5-44), GMP version 6.0.0, MPFR version 3.1.1, MPC version 1.0.1]
  ignore line: [GGC heuristics: --param ggc-min-expand=100 --param ggc-min-heapsize=131072]
  ignore line: [Compiler executable checksum: 870b38fd8ce6d67c02dcc3b6efdbe63d]
  ignore line: [COLLECT_GCC_OPTIONS='-fopenmp' '-v' '-std=gnu++11' '-o' 'CMakeFiles/cmTC_310c4.dir/OpenMPTryFlag.cpp.o' '-c' '-shared-libgcc' '-mtune=generic' '-march=x86-64' '-pthread']
  ignore line: [ as -v --64 -o CMakeFiles/cmTC_310c4.dir/OpenMPTryFlag.cpp.o /tmp/cc1Uzxol.s]
  ignore line: [GNU assembler version 2.27 (x86_64-redhat-linux) using BFD version version 2.27-44.base.el7_9.1]
  ignore line: [COMPILER_PATH=/usr/libexec/gcc/x86_64-redhat-linux/4.8.5/:/usr/libexec/gcc/x86_64-redhat-linux/4.8.5/:/usr/libexec/gcc/x86_64-redhat-linux/:/usr/lib/gcc/x86_64-redhat-linux/4.8.5/:/usr/lib/gcc/x86_64-redhat-linux/]
  ignore line: [LIBRARY_PATH=/usr/lib/gcc/x86_64-redhat-linux/4.8.5/:/usr/lib/gcc/x86_64-redhat-linux/4.8.5/../../../../lib64/:/lib/../lib64/:/usr/lib/../lib64/:/gpfs/runtime/opt/boost/1.69/lib/:/gpfs/runtime/opt/intel/2017.0/lib/intel64/:/gpfs/runtime/opt/intel/2017.0/mkl/lib/intel64/:/gpfs/runtime/opt/python/2.7.12/lib/:/usr/lib/gcc/x86_64-redhat-linux/4.8.5/../../../:/lib/:/usr/lib/]
  ignore line: [COLLECT_GCC_OPTIONS='-fopenmp' '-v' '-std=gnu++11' '-o' 'CMakeFiles/cmTC_310c4.dir/OpenMPTryFlag.cpp.o' '-c' '-shared-libgcc' '-mtune=generic' '-march=x86-64' '-pthread']
  ignore line: [Linking CXX executable cmTC_310c4]
  ignore line: [/oscar/rt/7.2/opt/cmake/3.15.4/bin/cmake -E cmake_link_script CMakeFiles/cmTC_310c4.dir/link.txt --verbose=1]
  ignore line: [/usr/bin/c++    -fopenmp -v     CMakeFiles/cmTC_310c4.dir/OpenMPTryFlag.cpp.o  -o cmTC_310c4 -v ]
  ignore line: [Using built-in specs.]
  ignore line: [COLLECT_GCC=/usr/bin/c++]
  ignore line: [COLLECT_LTO_WRAPPER=/usr/libexec/gcc/x86_64-redhat-linux/4.8.5/lto-wrapper]
  ignore line: [Target: x86_64-redhat-linux]
  ignore line: [Configured with: ../configure --prefix=/usr --mandir=/usr/share/man --infodir=/usr/share/info --with-bugurl=http://bugzilla.redhat.com/bugzilla --enable-bootstrap --enable-shared --enable-threads=posix --enable-checking=release --with-system-zlib --enable-__cxa_atexit --disable-libunwind-exceptions --enable-gnu-unique-object --enable-linker-build-id --with-linker-hash-style=gnu --enable-languages=c,c++,objc,obj-c++,java,fortran,ada,go,lto --enable-plugin --enable-initfini-array --disable-libgcj --with-isl=/builddir/build/BUILD/gcc-4.8.5-20150702/obj-x86_64-redhat-linux/isl-install --with-cloog=/builddir/build/BUILD/gcc-4.8.5-20150702/obj-x86_64-redhat-linux/cloog-install --enable-gnu-indirect-function --with-tune=generic --with-arch_32=x86-64 --build=x86_64-redhat-linux]
  ignore line: [Thread model: posix]
  ignore line: [gcc version 4.8.5 20150623 (Red Hat 4.8.5-44) (GCC) ]
  ignore line: [COMPILER_PATH=/usr/libexec/gcc/x86_64-redhat-linux/4.8.5/:/usr/libexec/gcc/x86_64-redhat-linux/4.8.5/:/usr/libexec/gcc/x86_64-redhat-linux/:/usr/lib/gcc/x86_64-redhat-linux/4.8.5/:/usr/lib/gcc/x86_64-redhat-linux/]
  ignore line: [LIBRARY_PATH=/usr/lib/gcc/x86_64-redhat-linux/4.8.5/:/usr/lib/gcc/x86_64-redhat-linux/4.8.5/../../../../lib64/:/lib/../lib64/:/usr/lib/../lib64/:/gpfs/runtime/opt/boost/1.69/lib/:/gpfs/runtime/opt/intel/2017.0/lib/intel64/:/gpfs/runtime/opt/intel/2017.0/mkl/lib/intel64/:/gpfs/runtime/opt/python/2.7.12/lib/:/usr/lib/gcc/x86_64-redhat-linux/4.8.5/../../../:/lib/:/usr/lib/]
  ignore line: [Reading specs from /usr/lib/gcc/x86_64-redhat-linux/4.8.5/libgomp.spec]
  ignore line: [COLLECT_GCC_OPTIONS='-fopenmp' '-v' '-o' 'cmTC_310c4' '-v' '-shared-libgcc' '-mtune=generic' '-march=x86-64' '-pthread']
  link line: [ /usr/libexec/gcc/x86_64-redhat-linux/4.8.5/collect2 --build-id --no-add-needed --eh-frame-hdr --hash-style=gnu -m elf_x86_64 -dynamic-linker /lib64/ld-linux-x86-64.so.2 -o cmTC_310c4 /usr/lib/gcc/x86_64-redhat-linux/4.8.5/../../../../lib64/crt1.o /usr/lib/gcc/x86_64-redhat-linux/4.8.5/../../../../lib64/crti.o /usr/lib/gcc/x86_64-redhat-linux/4.8.5/crtbegin.o -L/usr/lib/gcc/x86_64-redhat-linux/4.8.5 -L/usr/lib/gcc/x86_64-redhat-linux/4.8.5/../../../../lib64 -L/lib/../lib64 -L/usr/lib/../lib64 -L/gpfs/runtime/opt/boost/1.69/lib -L/gpfs/runtime/opt/intel/2017.0/lib/intel64 -L/gpfs/runtime/opt/intel/2017.0/mkl/lib/intel64 -L/gpfs/runtime/opt/python/2.7.12/lib -L/usr/lib/gcc/x86_64-redhat-linux/4.8.5/../../.. CMakeFiles/cmTC_310c4.dir/OpenMPTryFlag.cpp.o -lstdc++ -lm -lgomp -lgcc_s -lgcc -lpthread -lc -lgcc_s -lgcc /usr/lib/gcc/x86_64-redhat-linux/4.8.5/crtend.o /usr/lib/gcc/x86_64-redhat-linux/4.8.5/../../../../lib64/crtn.o]
    arg [/usr/libexec/gcc/x86_64-redhat-linux/4.8.5/collect2] ==> ignore
    arg [--build-id] ==> ignore
    arg [--no-add-needed] ==> ignore
    arg [--eh-frame-hdr] ==> ignore
    arg [--hash-style=gnu] ==> ignore
    arg [-m] ==> ignore
    arg [elf_x86_64] ==> ignore
    arg [-dynamic-linker] ==> ignore
    arg [/lib64/ld-linux-x86-64.so.2] ==> ignore
    arg [-o] ==> ignore
    arg [cmTC_310c4] ==> ignore
    arg [/usr/lib/gcc/x86_64-redhat-linux/4.8.5/../../../../lib64/crt1.o] ==> ignore
    arg [/usr/lib/gcc/x86_64-redhat-linux/4.8.5/../../../../lib64/crti.o] ==> ignore
    arg [/usr/lib/gcc/x86_64-redhat-linux/4.8.5/crtbegin.o] ==> ignore
    arg [-L/usr/lib/gcc/x86_64-redhat-linux/4.8.5] ==> dir [/usr/lib/gcc/x86_64-redhat-linux/4.8.5]
    arg [-L/usr/lib/gcc/x86_64-redhat-linux/4.8.5/../../../../lib64] ==> dir [/usr/lib/gcc/x86_64-redhat-linux/4.8.5/../../../../lib64]
    arg [-L/lib/../lib64] ==> dir [/lib/../lib64]
    arg [-L/usr/lib/../lib64] ==> dir [/usr/lib/../lib64]
    arg [-L/gpfs/runtime/opt/boost/1.69/lib] ==> dir [/gpfs/runtime/opt/boost/1.69/lib]
    arg [-L/gpfs/runtime/opt/intel/2017.0/lib/intel64] ==> dir [/gpfs/runtime/opt/intel/2017.0/lib/intel64]
    arg [-L/gpfs/runtime/opt/intel/2017.0/mkl/lib/intel64] ==> dir [/gpfs/runtime/opt/intel/2017.0/mkl/lib/intel64]
    arg [-L/gpfs/runtime/opt/python/2.7.12/lib] ==> dir [/gpfs/runtime/opt/python/2.7.12/lib]
    arg [-L/usr/lib/gcc/x86_64-redhat-linux/4.8.5/../../..] ==> dir [/usr/lib/gcc/x86_64-redhat-linux/4.8.5/../../..]
    arg [CMakeFiles/cmTC_310c4.dir/OpenMPTryFlag.cpp.o] ==> ignore
    arg [-lstdc++] ==> lib [stdc++]
    arg [-lm] ==> lib [m]
    arg [-lgomp] ==> lib [gomp]
    arg [-lgcc_s] ==> lib [gcc_s]
    arg [-lgcc] ==> lib [gcc]
    arg [-lpthread] ==> lib [pthread]
    arg [-lc] ==> lib [c]
    arg [-lgcc_s] ==> lib [gcc_s]
    arg [-lgcc] ==> lib [gcc]
    arg [/usr/lib/gcc/x86_64-redhat-linux/4.8.5/crtend.o] ==> ignore
    arg [/usr/lib/gcc/x86_64-redhat-linux/4.8.5/../../../../lib64/crtn.o] ==> ignore
  collapse library dir [/usr/lib/gcc/x86_64-redhat-linux/4.8.5] ==> [/usr/lib/gcc/x86_64-redhat-linux/4.8.5]
  collapse library dir [/usr/lib/gcc/x86_64-redhat-linux/4.8.5/../../../../lib64] ==> [/usr/lib64]
  collapse library dir [/lib/../lib64] ==> [/lib64]
  collapse library dir [/usr/lib/../lib64] ==> [/usr/lib64]
  collapse library dir [/gpfs/runtime/opt/boost/1.69/lib] ==> [/gpfs/runtime/opt/boost/1.69/lib]
  collapse library dir [/gpfs/runtime/opt/intel/2017.0/lib/intel64] ==> [/gpfs/runtime/opt/intel/2017.0/lib/intel64]
  collapse library dir [/gpfs/runtime/opt/intel/2017.0/mkl/lib/intel64] ==> [/gpfs/runtime/opt/intel/2017.0/mkl/lib/intel64]
  collapse library dir [/gpfs/runtime/opt/python/2.7.12/lib] ==> [/gpfs/runtime/opt/python/2.7.12/lib]
  collapse library dir [/usr/lib/gcc/x86_64-redhat-linux/4.8.5/../../..] ==> [/usr/lib]
  implicit libs: [stdc++;m;gomp;gcc_s;gcc;pthread;c;gcc_s;gcc]
  implicit dirs: [/usr/lib/gcc/x86_64-redhat-linux/4.8.5;/usr/lib64;/lib64;/gpfs/runtime/opt/boost/1.69/lib;/gpfs/runtime/opt/intel/2017.0/lib/intel64;/gpfs/runtime/opt/intel/2017.0/mkl/lib/intel64;/gpfs/runtime/opt/python/2.7.12/lib;/usr/lib]
  implicit fwks: []


Determining if the include file sys/types.h exists passed with the following output:
Change Dir: /users/yzhen105/Edge_Based_Reconstruction/build/CMakeFiles/CMakeTmp

Run Build Command(s):/usr/bin/gmake cmTC_49a56/fast && /usr/bin/gmake -f CMakeFiles/cmTC_49a56.dir/build.make CMakeFiles/cmTC_49a56.dir/build
gmake[1]: Entering directory `/oscar/home/yzhen105/Edge_Based_Reconstruction/build/CMakeFiles/CMakeTmp'
Building C object CMakeFiles/cmTC_49a56.dir/CheckIncludeFile.c.o
/usr/bin/cc    -o CMakeFiles/cmTC_49a56.dir/CheckIncludeFile.c.o   -c /users/yzhen105/Edge_Based_Reconstruction/build/CMakeFiles/CMakeTmp/CheckIncludeFile.c
Linking C executable cmTC_49a56
/oscar/rt/7.2/opt/cmake/3.15.4/bin/cmake -E cmake_link_script CMakeFiles/cmTC_49a56.dir/link.txt --verbose=1
/usr/bin/cc        CMakeFiles/cmTC_49a56.dir/CheckIncludeFile.c.o  -o cmTC_49a56 
gmake[1]: Leaving directory `/oscar/home/yzhen105/Edge_Based_Reconstruction/build/CMakeFiles/CMakeTmp'



Determining if the include file stdint.h exists passed with the following output:
Change Dir: /users/yzhen105/Edge_Based_Reconstruction/build/CMakeFiles/CMakeTmp

Run Build Command(s):/usr/bin/gmake cmTC_62254/fast && /usr/bin/gmake -f CMakeFiles/cmTC_62254.dir/build.make CMakeFiles/cmTC_62254.dir/build
gmake[1]: Entering directory `/oscar/home/yzhen105/Edge_Based_Reconstruction/build/CMakeFiles/CMakeTmp'
Building C object CMakeFiles/cmTC_62254.dir/CheckIncludeFile.c.o
/usr/bin/cc    -o CMakeFiles/cmTC_62254.dir/CheckIncludeFile.c.o   -c /users/yzhen105/Edge_Based_Reconstruction/build/CMakeFiles/CMakeTmp/CheckIncludeFile.c
Linking C executable cmTC_62254
/oscar/rt/7.2/opt/cmake/3.15.4/bin/cmake -E cmake_link_script CMakeFiles/cmTC_62254.dir/link.txt --verbose=1
/usr/bin/cc        CMakeFiles/cmTC_62254.dir/CheckIncludeFile.c.o  -o cmTC_62254 
gmake[1]: Leaving directory `/oscar/home/yzhen105/Edge_Based_Reconstruction/build/CMakeFiles/CMakeTmp'



Determining if the include file stddef.h exists passed with the following output:
Change Dir: /users/yzhen105/Edge_Based_Reconstruction/build/CMakeFiles/CMakeTmp

Run Build Command(s):/usr/bin/gmake cmTC_d11cf/fast && /usr/bin/gmake -f CMakeFiles/cmTC_d11cf.dir/build.make CMakeFiles/cmTC_d11cf.dir/build
gmake[1]: Entering directory `/oscar/home/yzhen105/Edge_Based_Reconstruction/build/CMakeFiles/CMakeTmp'
Building C object CMakeFiles/cmTC_d11cf.dir/CheckIncludeFile.c.o
/usr/bin/cc    -o CMakeFiles/cmTC_d11cf.dir/CheckIncludeFile.c.o   -c /users/yzhen105/Edge_Based_Reconstruction/build/CMakeFiles/CMakeTmp/CheckIncludeFile.c
Linking C executable cmTC_d11cf
/oscar/rt/7.2/opt/cmake/3.15.4/bin/cmake -E cmake_link_script CMakeFiles/cmTC_d11cf.dir/link.txt --verbose=1
/usr/bin/cc        CMakeFiles/cmTC_d11cf.dir/CheckIncludeFile.c.o  -o cmTC_d11cf 
gmake[1]: Leaving directory `/oscar/home/yzhen105/Edge_Based_Reconstruction/build/CMakeFiles/CMakeTmp'



Determining size of unsigned short passed with the following output:
Change Dir: /users/yzhen105/Edge_Based_Reconstruction/build/CMakeFiles/CMakeTmp

Run Build Command(s):/usr/bin/gmake cmTC_25590/fast && /usr/bin/gmake -f CMakeFiles/cmTC_25590.dir/build.make CMakeFiles/cmTC_25590.dir/build
gmake[1]: Entering directory `/oscar/home/yzhen105/Edge_Based_Reconstruction/build/CMakeFiles/CMakeTmp'
Building C object CMakeFiles/cmTC_25590.dir/CMAKE_SIZEOF_UNSIGNED_SHORT.c.o
/usr/bin/cc    -o CMakeFiles/cmTC_25590.dir/CMAKE_SIZEOF_UNSIGNED_SHORT.c.o   -c /users/yzhen105/Edge_Based_Reconstruction/build/CMakeFiles/CheckTypeSize/CMAKE_SIZEOF_UNSIGNED_SHORT.c
Linking C executable cmTC_25590
/oscar/rt/7.2/opt/cmake/3.15.4/bin/cmake -E cmake_link_script CMakeFiles/cmTC_25590.dir/link.txt --verbose=1
/usr/bin/cc        CMakeFiles/cmTC_25590.dir/CMAKE_SIZEOF_UNSIGNED_SHORT.c.o  -o cmTC_25590 
gmake[1]: Leaving directory `/oscar/home/yzhen105/Edge_Based_Reconstruction/build/CMakeFiles/CMakeTmp'



Determining if the system is big endian passed with the following output:
Change Dir: /users/yzhen105/Edge_Based_Reconstruction/build/CMakeFiles/CMakeTmp

Run Build Command(s):/usr/bin/gmake cmTC_a2b72/fast && /usr/bin/gmake -f CMakeFiles/cmTC_a2b72.dir/build.make CMakeFiles/cmTC_a2b72.dir/build
gmake[1]: Entering directory `/oscar/home/yzhen105/Edge_Based_Reconstruction/build/CMakeFiles/CMakeTmp'
Building C object CMakeFiles/cmTC_a2b72.dir/TestEndianess.c.o
/usr/bin/cc    -o CMakeFiles/cmTC_a2b72.dir/TestEndianess.c.o   -c /users/yzhen105/Edge_Based_Reconstruction/build/CMakeFiles/CMakeTmp/TestEndianess.c
Linking C executable cmTC_a2b72
/oscar/rt/7.2/opt/cmake/3.15.4/bin/cmake -E cmake_link_script CMakeFiles/cmTC_a2b72.dir/link.txt --verbose=1
/usr/bin/cc        CMakeFiles/cmTC_a2b72.dir/TestEndianess.c.o  -o cmTC_a2b72 
gmake[1]: Leaving directory `/oscar/home/yzhen105/Edge_Based_Reconstruction/build/CMakeFiles/CMakeTmp'


TestEndianess.c:
/* A 16 bit integer is required. */
typedef unsigned short cmakeint16;

/* On a little endian machine, these 16bit ints will give "THIS IS LITTLE ENDIAN."
   On a big endian machine the characters will be exchanged pairwise. */
const cmakeint16 info_little[] =  {0x4854, 0x5349, 0x4920, 0x2053, 0x494c, 0x5454, 0x454c, 0x4520, 0x444e, 0x4149, 0x2e4e, 0x0000};

/* on a big endian machine, these 16bit ints will give "THIS IS BIG ENDIAN."
   On a little endian machine the characters will be exchanged pairwise. */
const cmakeint16 info_big[] =     {0x5448, 0x4953, 0x2049, 0x5320, 0x4249, 0x4720, 0x454e, 0x4449, 0x414e, 0x2e2e, 0x0000};

#ifdef __CLASSIC_C__
int main(argc, argv) int argc; char *argv[];
#else
int main(int argc, char *argv[])
#endif
{
  int require = 0;
  require += info_little[argc];
  require += info_big[argc];
  (void)argv;
  return require;
}


Determining if the include file pthread.h exists passed with the following output:
Change Dir: /users/yzhen105/Edge_Based_Reconstruction/build/CMakeFiles/CMakeTmp

Run Build Command(s):/usr/bin/gmake cmTC_6c0c3/fast && /usr/bin/gmake -f CMakeFiles/cmTC_6c0c3.dir/build.make CMakeFiles/cmTC_6c0c3.dir/build
gmake[1]: Entering directory `/oscar/home/yzhen105/Edge_Based_Reconstruction/build/CMakeFiles/CMakeTmp'
Building C object CMakeFiles/cmTC_6c0c3.dir/CheckIncludeFile.c.o
/usr/bin/cc    -o CMakeFiles/cmTC_6c0c3.dir/CheckIncludeFile.c.o   -c /users/yzhen105/Edge_Based_Reconstruction/build/CMakeFiles/CMakeTmp/CheckIncludeFile.c
Linking C executable cmTC_6c0c3
/oscar/rt/7.2/opt/cmake/3.15.4/bin/cmake -E cmake_link_script CMakeFiles/cmTC_6c0c3.dir/link.txt --verbose=1
/usr/bin/cc        CMakeFiles/cmTC_6c0c3.dir/CheckIncludeFile.c.o  -o cmTC_6c0c3 
gmake[1]: Leaving directory `/oscar/home/yzhen105/Edge_Based_Reconstruction/build/CMakeFiles/CMakeTmp'



Determining if the function pthread_create exists in the pthread passed with the following output:
Change Dir: /users/yzhen105/Edge_Based_Reconstruction/build/CMakeFiles/CMakeTmp

Run Build Command(s):/usr/bin/gmake cmTC_9201f/fast && /usr/bin/gmake -f CMakeFiles/cmTC_9201f.dir/build.make CMakeFiles/cmTC_9201f.dir/build
gmake[1]: Entering directory `/oscar/home/yzhen105/Edge_Based_Reconstruction/build/CMakeFiles/CMakeTmp'
Building C object CMakeFiles/cmTC_9201f.dir/CheckFunctionExists.c.o
/usr/bin/cc   -DCHECK_FUNCTION_EXISTS=pthread_create   -o CMakeFiles/cmTC_9201f.dir/CheckFunctionExists.c.o   -c /oscar/rt/7.2/opt/cmake/3.15.4/share/cmake-3.15/Modules/CheckFunctionExists.c
Linking C executable cmTC_9201f
/oscar/rt/7.2/opt/cmake/3.15.4/bin/cmake -E cmake_link_script CMakeFiles/cmTC_9201f.dir/link.txt --verbose=1
/usr/bin/cc   -DCHECK_FUNCTION_EXISTS=pthread_create     CMakeFiles/cmTC_9201f.dir/CheckFunctionExists.c.o  -o cmTC_9201f -lpthread 
gmake[1]: Leaving directory `/oscar/home/yzhen105/Edge_Based_Reconstruction/build/CMakeFiles/CMakeTmp'



